<?xml version="1.0" encoding="UTF-8"?>
<testsuite name="org.adaway.model.source.SourceLoaderTest" tests="5" skipped="0" failures="0" errors="0" timestamp="2023-04-13T14:11:24" hostname="DESKTOP-P1HHUKE" time="0.074">
  <properties/>
  <testcase name="testHostParser" classname="org.adaway.model.source.SourceLoaderTest" time="0.001"/>
  <testcase name="isInvalidHostname" classname="org.adaway.model.source.SourceLoaderTest" time="0.019"/>
  <testcase name="isValidWhitelistHostname" classname="org.adaway.model.source.SourceLoaderTest" time="0.046"/>
  <testcase name="isInvalidWhitelistHostname" classname="org.adaway.model.source.SourceLoaderTest" time="0.002"/>
  <testcase name="isValidHostname" classname="org.adaway.model.source.SourceLoaderTest" time="0.006"/>
  <system-out><![CDATA[]]></system-out>
  <system-err><![CDATA[]]></system-err>
</testsuite>
