<?xml version="1.0" encoding="UTF-8"?>
<testsuite name="org.adaway.ui.log.LogEntrySortTest" tests="2" skipped="0" failures="0" errors="0" timestamp="2023-04-13T14:11:24" hostname="DESKTOP-P1HHUKE" time="0.005">
  <properties/>
  <testcase name="testTopLevelDomainComparator" classname="org.adaway.ui.log.LogEntrySortTest" time="0.003"/>
  <testcase name="testAlphabeticalComparator" classname="org.adaway.ui.log.LogEntrySortTest" time="0.002"/>
  <system-out><![CDATA[]]></system-out>
  <system-err><![CDATA[]]></system-err>
</testsuite>
