<?xml version='1.0' encoding='UTF-8' ?>
<testsuite name="org.adaway.db.HostDbTest" tests="12" failures="0" errors="0" skipped="0" time="0.641" timestamp="2023-04-04T15:10:46" hostname="localhost">
  <properties>
    <property name="device" value="Pixel_2_API_28(AVD) - 9" />
    <property name="flavor" value="" />
    <property name="project" value=":app" />
  </properties>
  <testcase name="testDuplicateBlockedHosts" classname="org.adaway.db.HostDbTest" time="0.019" />
  <testcase name="testInsertThenDeleteHosts" classname="org.adaway.db.HostDbTest" time="0.004" />
  <testcase name="testEmptyByDefault" classname="org.adaway.db.HostDbTest" time="0.031" />
  <testcase name="testDuplicateRedirectedHosts" classname="org.adaway.db.HostDbTest" time="0.044" />
  <testcase name="testRedirectionPriority" classname="org.adaway.db.HostDbTest" time="0.002" />
  <testcase name="testDuplicateAllowedHosts" classname="org.adaway.db.HostDbTest" time="0.005" />
  <testcase name="testSourceDeletion" classname="org.adaway.db.SourceDbTest" time="0.031" />
  <testcase name="testSourceCount" classname="org.adaway.db.SourceDbTest" time="0.029" />
  <testcase name="testRedirectedHostsFromDisabledSource" classname="org.adaway.db.SourceDbTest" time="0.061" />
  <testcase name="testAllowedHostsFromDisabledSource" classname="org.adaway.db.SourceDbTest" time="0.041" />
  <testcase name="testBlockedHostsFromDisabledSource" classname="org.adaway.db.SourceDbTest" time="0.004" />
  <testcase name="testUserList" classname="org.adaway.db.UserListTest" time="0.068" />
</testsuite>