<?xml version="1.0" encoding="UTF-8"?>
<testsuite name="org.openobservatory.ooniprobe.domain.MeasurementsManagerTest" tests="19" skipped="0" failures="0" errors="0" timestamp="2023-06-19T13:41:53" hostname="DESKTOP-P1HHUKE" time="965.676">
  <properties/>
  <testcase name="testExplorerUrl" classname="org.openobservatory.ooniprobe.domain.MeasurementsManagerTest" time="48.811"/>
  <testcase name="downloadReportSuccessTest" classname="org.openobservatory.ooniprobe.domain.MeasurementsManagerTest" time="86.577"/>
  <testcase name="checkAndDeleteReportFailTest" classname="org.openobservatory.ooniprobe.domain.MeasurementsManagerTest" time="46.103"/>
  <testcase name="standardTimeoutTest" classname="org.openobservatory.ooniprobe.domain.MeasurementsManagerTest" time="47.388"/>
  <testcase name="getReadableEntry" classname="org.openobservatory.ooniprobe.domain.MeasurementsManagerTest" time="49.033"/>
  <testcase name="testNoUploadableReports" classname="org.openobservatory.ooniprobe.domain.MeasurementsManagerTest" time="49.339"/>
  <testcase name="getReadableLog" classname="org.openobservatory.ooniprobe.domain.MeasurementsManagerTest" time="48.013"/>
  <testcase name="downloadReportFailTest" classname="org.openobservatory.ooniprobe.domain.MeasurementsManagerTest" time="50.515"/>
  <testcase name="maxTimeoutTest" classname="org.openobservatory.ooniprobe.domain.MeasurementsManagerTest" time="50.122"/>
  <testcase name="testGetMeasurement" classname="org.openobservatory.ooniprobe.domain.MeasurementsManagerTest" time="47.179"/>
  <testcase name="reSubmitTest" classname="org.openobservatory.ooniprobe.domain.MeasurementsManagerTest" time="52.046"/>
  <testcase name="testWebConnectivityExplorer" classname="org.openobservatory.ooniprobe.domain.MeasurementsManagerTest" time="55.169"/>
  <testcase name="testCanUpload" classname="org.openobservatory.ooniprobe.domain.MeasurementsManagerTest" time="49.053"/>
  <testcase name="checkAndDeleteReportNotFoundTest" classname="org.openobservatory.ooniprobe.domain.MeasurementsManagerTest" time="48.049"/>
  <testcase name="hasReportIdTest" classname="org.openobservatory.ooniprobe.domain.MeasurementsManagerTest" time="48.097"/>
  <testcase name="testUploadableReports" classname="org.openobservatory.ooniprobe.domain.MeasurementsManagerTest" time="47.809"/>
  <testcase name="testCanNotUpload" classname="org.openobservatory.ooniprobe.domain.MeasurementsManagerTest" time="46.868"/>
  <testcase name="zeroTimeoutTest" classname="org.openobservatory.ooniprobe.domain.MeasurementsManagerTest" time="46.841"/>
  <testcase name="checkAndDeleteReportTest" classname="org.openobservatory.ooniprobe.domain.MeasurementsManagerTest" time="48.664"/>
  <system-out><![CDATA[]]></system-out>
  <system-err><![CDATA[Exception in thread "pool-34-thread-1" java.lang.IllegalStateException: Cannot perform this operation because the connection pool has been closed.
	at android.database.sqlite.SQLiteConnectionPool.throwIfClosedLocked(SQLiteConnectionPool.java:1069)
	at android.database.sqlite.SQLiteConnectionPool.waitForConnection(SQLiteConnectionPool.java:683)
	at android.database.sqlite.SQLiteConnectionPool.acquireConnection(SQLiteConnectionPool.java:378)
	at android.database.sqlite.SQLiteSession.acquireConnection(SQLiteSession.java:894)
	at android.database.sqlite.SQLiteSession.executeForCursorWindow(SQLiteSession.java:834)
	at android.database.sqlite.SQLiteQuery.fillWindow(SQLiteQuery.java:62)
	at android.database.sqlite.SQLiteCursor.fillWindow(SQLiteCursor.java:149)
	at android.database.sqlite.SQLiteCursor.getCount(SQLiteCursor.java:137)
	at android.database.AbstractCursor.moveToPosition(AbstractCursor.java:220)
	at android.database.AbstractCursor.moveToFirst(AbstractCursor.java:259)
	at org.robolectric.shadows.ShadowCursorWrapper.moveToFirst(ShadowCursorWrapper.java:48)
	at android.database.CursorWrapper.moveToFirst(CursorWrapper.java)
	at com.raizlabs.android.dbflow.sql.queriable.SingleModelLoader.convertToData(SingleModelLoader.java:21)
	at com.raizlabs.android.dbflow.sql.queriable.SingleModelLoader.convertToData(SingleModelLoader.java:32)
	at com.raizlabs.android.dbflow.sql.queriable.ModelLoader.load(ModelLoader.java:72)
	at com.raizlabs.android.dbflow.sql.queriable.ModelLoader.load(ModelLoader.java:60)
	at com.raizlabs.android.dbflow.sql.queriable.ModelLoader.load(ModelLoader.java:53)
	at com.raizlabs.android.dbflow.sql.queriable.ModelLoader.load(ModelLoader.java:36)
	at com.raizlabs.android.dbflow.sql.language.BaseModelQueriable.querySingle(BaseModelQueriable.java:69)
	at com.raizlabs.android.dbflow.sql.language.Where.querySingle(Where.java:249)
	at org.openobservatory.ooniprobe.model.database.Measurement_Table.loadFromCursor(Measurement_Table.java:396)
	at org.openobservatory.ooniprobe.model.database.Measurement_Table.loadFromCursor(Measurement_Table.java:36)
	at com.raizlabs.android.dbflow.sql.queriable.ListModelLoader.convertToData(ListModelLoader.java:77)
	at com.raizlabs.android.dbflow.sql.queriable.ListModelLoader.convertToData(ListModelLoader.java:15)
	at com.raizlabs.android.dbflow.sql.queriable.ModelLoader.load(ModelLoader.java:72)
	at com.raizlabs.android.dbflow.sql.queriable.ListModelLoader.load(ListModelLoader.java:61)
	at com.raizlabs.android.dbflow.sql.queriable.ListModelLoader.load(ListModelLoader.java:15)
	at com.raizlabs.android.dbflow.sql.queriable.ModelLoader.load(ModelLoader.java:60)
	at com.raizlabs.android.dbflow.sql.queriable.ListModelLoader.load(ListModelLoader.java:44)
	at com.raizlabs.android.dbflow.sql.queriable.ListModelLoader.load(ListModelLoader.java:15)
	at com.raizlabs.android.dbflow.sql.queriable.ModelLoader.load(ModelLoader.java:53)
	at com.raizlabs.android.dbflow.sql.queriable.ListModelLoader.load(ListModelLoader.java:37)
	at com.raizlabs.android.dbflow.sql.queriable.ListModelLoader.load(ListModelLoader.java:15)
	at com.raizlabs.android.dbflow.sql.queriable.ModelLoader.load(ModelLoader.java:36)
	at com.raizlabs.android.dbflow.sql.queriable.ListModelLoader.load(ListModelLoader.java:25)
	at com.raizlabs.android.dbflow.sql.language.BaseModelQueriable.queryList(BaseModelQueriable.java:61)
	at com.raizlabs.android.dbflow.sql.language.Where.queryList(Where.java:236)
	at org.openobservatory.ooniprobe.model.database.Measurement.getReportsUploaded(Measurement.java:158)
	at org.openobservatory.ooniprobe.model.database.Measurement.deleteUploadedJsons(Measurement.java:329)
	at org.openobservatory.ooniprobe.common.Application.lambda$onCreate$0(Application.java:63)
	at java.base/java.util.concurrent.ThreadPoolExecutor.runWorker(ThreadPoolExecutor.java:1128)
	at java.base/java.util.concurrent.ThreadPoolExecutor$Worker.run(ThreadPoolExecutor.java:628)
	at java.base/java.lang.Thread.run(Thread.java:829)
Exception in thread "pool-37-thread-1" java.lang.IllegalStateException: The global database holder is not initialized. Ensure you call FlowManager.init() before accessing the database.
	at com.raizlabs.android.dbflow.config.FlowManager.checkDatabaseHolder(FlowManager.java:507)
	at com.raizlabs.android.dbflow.config.FlowManager.getDatabaseForTable(FlowManager.java:138)
	at com.raizlabs.android.dbflow.config.FlowManager.getModelAdapterOrNull(FlowManager.java:469)
	at com.raizlabs.android.dbflow.config.FlowManager.getTableName(FlowManager.java:79)
	at com.raizlabs.android.dbflow.sql.language.From.getTableAlias(From.java:43)
	at com.raizlabs.android.dbflow.sql.language.From.getQuery(From.java:211)
	at com.raizlabs.android.dbflow.sql.language.Where.getQuery(Where.java:189)
	at com.raizlabs.android.dbflow.sql.language.BaseModelQueriable.querySingle(BaseModelQueriable.java:67)
	at com.raizlabs.android.dbflow.sql.language.Where.querySingle(Where.java:249)
	at org.openobservatory.ooniprobe.model.database.Measurement_Table.loadFromCursor(Measurement_Table.java:396)
	at org.openobservatory.ooniprobe.model.database.Measurement_Table.loadFromCursor(Measurement_Table.java:36)
	at com.raizlabs.android.dbflow.sql.queriable.ListModelLoader.convertToData(ListModelLoader.java:77)
	at com.raizlabs.android.dbflow.sql.queriable.ListModelLoader.convertToData(ListModelLoader.java:15)
	at com.raizlabs.android.dbflow.sql.queriable.ModelLoader.load(ModelLoader.java:72)
	at com.raizlabs.android.dbflow.sql.queriable.ListModelLoader.load(ListModelLoader.java:61)
	at com.raizlabs.android.dbflow.sql.queriable.ListModelLoader.load(ListModelLoader.java:15)
	at com.raizlabs.android.dbflow.sql.queriable.ModelLoader.load(ModelLoader.java:60)
	at com.raizlabs.android.dbflow.sql.queriable.ListModelLoader.load(ListModelLoader.java:44)
	at com.raizlabs.android.dbflow.sql.queriable.ListModelLoader.load(ListModelLoader.java:15)
	at com.raizlabs.android.dbflow.sql.queriable.ModelLoader.load(ModelLoader.java:53)
	at com.raizlabs.android.dbflow.sql.queriable.ListModelLoader.load(ListModelLoader.java:37)
	at com.raizlabs.android.dbflow.sql.queriable.ListModelLoader.load(ListModelLoader.java:15)
	at com.raizlabs.android.dbflow.sql.queriable.ModelLoader.load(ModelLoader.java:36)
	at com.raizlabs.android.dbflow.sql.queriable.ListModelLoader.load(ListModelLoader.java:25)
	at com.raizlabs.android.dbflow.sql.language.BaseModelQueriable.queryList(BaseModelQueriable.java:61)
	at com.raizlabs.android.dbflow.sql.language.Where.queryList(Where.java:236)
	at org.openobservatory.ooniprobe.model.database.Measurement.getReportsUploaded(Measurement.java:158)
	at org.openobservatory.ooniprobe.model.database.Measurement.deleteUploadedJsons(Measurement.java:329)
	at org.openobservatory.ooniprobe.common.Application.lambda$onCreate$0(Application.java:63)
	at java.base/java.util.concurrent.ThreadPoolExecutor.runWorker(ThreadPoolExecutor.java:1128)
	at java.base/java.util.concurrent.ThreadPoolExecutor$Worker.run(ThreadPoolExecutor.java:628)
	at java.base/java.lang.Thread.run(Thread.java:829)
System.logW: A resource was acquired at attached stack trace but never released. See java.io.Closeable for information on avoiding resource leaks.java.lang.Throwable: Explicit termination method 'close' not called
System.logW: A resource was acquired at attached stack trace but never released. See java.io.Closeable for information on avoiding resource leaks.java.lang.Throwable: Explicit termination method 'close' not called
System.logW: A resource was acquired at attached stack trace but never released. See java.io.Closeable for information on avoiding resource leaks.java.lang.Throwable: Explicit termination method 'close' not called
Exception in thread "pool-40-thread-1" java.lang.IllegalStateException: Cannot perform this operation because the connection pool has been closed.
	at android.database.sqlite.SQLiteConnectionPool.throwIfClosedLocked(SQLiteConnectionPool.java:1069)
	at android.database.sqlite.SQLiteConnectionPool.waitForConnection(SQLiteConnectionPool.java:683)
	at android.database.sqlite.SQLiteConnectionPool.acquireConnection(SQLiteConnectionPool.java:378)
	at android.database.sqlite.SQLiteSession.acquireConnection(SQLiteSession.java:894)
	at android.database.sqlite.SQLiteSession.executeForCursorWindow(SQLiteSession.java:834)
	at android.database.sqlite.SQLiteQuery.fillWindow(SQLiteQuery.java:62)
	at android.database.sqlite.SQLiteCursor.fillWindow(SQLiteCursor.java:149)
	at android.database.sqlite.SQLiteCursor.getCount(SQLiteCursor.java:137)
	at android.database.AbstractCursor.moveToPosition(AbstractCursor.java:220)
	at android.database.AbstractCursor.moveToFirst(AbstractCursor.java:259)
	at org.robolectric.shadows.ShadowCursorWrapper.moveToFirst(ShadowCursorWrapper.java:48)
	at android.database.CursorWrapper.moveToFirst(CursorWrapper.java)
	at com.raizlabs.android.dbflow.sql.queriable.SingleModelLoader.convertToData(SingleModelLoader.java:21)
	at com.raizlabs.android.dbflow.sql.queriable.SingleModelLoader.convertToData(SingleModelLoader.java:32)
	at com.raizlabs.android.dbflow.sql.queriable.ModelLoader.load(ModelLoader.java:72)
	at com.raizlabs.android.dbflow.sql.queriable.ModelLoader.load(ModelLoader.java:60)
	at com.raizlabs.android.dbflow.sql.queriable.ModelLoader.load(ModelLoader.java:53)
	at com.raizlabs.android.dbflow.sql.queriable.ModelLoader.load(ModelLoader.java:36)
	at com.raizlabs.android.dbflow.sql.language.BaseModelQueriable.querySingle(BaseModelQueriable.java:69)
	at com.raizlabs.android.dbflow.sql.language.Where.querySingle(Where.java:249)
	at org.openobservatory.ooniprobe.model.database.Measurement_Table.loadFromCursor(Measurement_Table.java:396)
	at org.openobservatory.ooniprobe.model.database.Measurement_Table.loadFromCursor(Measurement_Table.java:36)
	at com.raizlabs.android.dbflow.sql.queriable.ListModelLoader.convertToData(ListModelLoader.java:77)
	at com.raizlabs.android.dbflow.sql.queriable.ListModelLoader.convertToData(ListModelLoader.java:15)
	at com.raizlabs.android.dbflow.sql.queriable.ModelLoader.load(ModelLoader.java:72)
	at com.raizlabs.android.dbflow.sql.queriable.ListModelLoader.load(ListModelLoader.java:61)
	at com.raizlabs.android.dbflow.sql.queriable.ListModelLoader.load(ListModelLoader.java:15)
	at com.raizlabs.android.dbflow.sql.queriable.ModelLoader.load(ModelLoader.java:60)
	at com.raizlabs.android.dbflow.sql.queriable.ListModelLoader.load(ListModelLoader.java:44)
	at com.raizlabs.android.dbflow.sql.queriable.ListModelLoader.load(ListModelLoader.java:15)
	at com.raizlabs.android.dbflow.sql.queriable.ModelLoader.load(ModelLoader.java:53)
	at com.raizlabs.android.dbflow.sql.queriable.ListModelLoader.load(ListModelLoader.java:37)
	at com.raizlabs.android.dbflow.sql.queriable.ListModelLoader.load(ListModelLoader.java:15)
	at com.raizlabs.android.dbflow.sql.queriable.ModelLoader.load(ModelLoader.java:36)
	at com.raizlabs.android.dbflow.sql.queriable.ListModelLoader.load(ListModelLoader.java:25)
	at com.raizlabs.android.dbflow.sql.language.BaseModelQueriable.queryList(BaseModelQueriable.java:61)
	at com.raizlabs.android.dbflow.sql.language.Where.queryList(Where.java:236)
	at org.openobservatory.ooniprobe.model.database.Measurement.getReportsUploaded(Measurement.java:158)
	at org.openobservatory.ooniprobe.model.database.Measurement.deleteUploadedJsons(Measurement.java:329)
	at org.openobservatory.ooniprobe.common.Application.lambda$onCreate$0(Application.java:63)
	at java.base/java.util.concurrent.ThreadPoolExecutor.runWorker(ThreadPoolExecutor.java:1128)
	at java.base/java.util.concurrent.ThreadPoolExecutor$Worker.run(ThreadPoolExecutor.java:628)
	at java.base/java.lang.Thread.run(Thread.java:829)
Exception in thread "pool-43-thread-1" java.lang.IllegalStateException: The global database holder is not initialized. Ensure you call FlowManager.init() before accessing the database.
	at com.raizlabs.android.dbflow.config.FlowManager.checkDatabaseHolder(FlowManager.java:507)
	at com.raizlabs.android.dbflow.config.FlowManager.getDatabaseForTable(FlowManager.java:138)
	at com.raizlabs.android.dbflow.config.FlowManager.getModelAdapterOrNull(FlowManager.java:469)
	at com.raizlabs.android.dbflow.config.FlowManager.getTableName(FlowManager.java:79)
	at com.raizlabs.android.dbflow.sql.language.From.getTableAlias(From.java:43)
	at com.raizlabs.android.dbflow.sql.language.From.getQuery(From.java:211)
	at com.raizlabs.android.dbflow.sql.language.Where.getQuery(Where.java:189)
	at com.raizlabs.android.dbflow.sql.language.BaseModelQueriable.querySingle(BaseModelQueriable.java:67)
	at com.raizlabs.android.dbflow.sql.language.Where.querySingle(Where.java:249)
	at org.openobservatory.ooniprobe.model.database.Measurement_Table.loadFromCursor(Measurement_Table.java:396)
	at org.openobservatory.ooniprobe.model.database.Measurement_Table.loadFromCursor(Measurement_Table.java:36)
	at com.raizlabs.android.dbflow.sql.queriable.ListModelLoader.convertToData(ListModelLoader.java:77)
	at com.raizlabs.android.dbflow.sql.queriable.ListModelLoader.convertToData(ListModelLoader.java:15)
	at com.raizlabs.android.dbflow.sql.queriable.ModelLoader.load(ModelLoader.java:72)
	at com.raizlabs.android.dbflow.sql.queriable.ListModelLoader.load(ListModelLoader.java:61)
	at com.raizlabs.android.dbflow.sql.queriable.ListModelLoader.load(ListModelLoader.java:15)
	at com.raizlabs.android.dbflow.sql.queriable.ModelLoader.load(ModelLoader.java:60)
	at com.raizlabs.android.dbflow.sql.queriable.ListModelLoader.load(ListModelLoader.java:44)
	at com.raizlabs.android.dbflow.sql.queriable.ListModelLoader.load(ListModelLoader.java:15)
	at com.raizlabs.android.dbflow.sql.queriable.ModelLoader.load(ModelLoader.java:53)
	at com.raizlabs.android.dbflow.sql.queriable.ListModelLoader.load(ListModelLoader.java:37)
	at com.raizlabs.android.dbflow.sql.queriable.ListModelLoader.load(ListModelLoader.java:15)
	at com.raizlabs.android.dbflow.sql.queriable.ModelLoader.load(ModelLoader.java:36)
	at com.raizlabs.android.dbflow.sql.queriable.ListModelLoader.load(ListModelLoader.java:25)
	at com.raizlabs.android.dbflow.sql.language.BaseModelQueriable.queryList(BaseModelQueriable.java:61)
	at com.raizlabs.android.dbflow.sql.language.Where.queryList(Where.java:236)
	at org.openobservatory.ooniprobe.model.database.Measurement.getReportsUploaded(Measurement.java:158)
	at org.openobservatory.ooniprobe.model.database.Measurement.deleteUploadedJsons(Measurement.java:329)
	at org.openobservatory.ooniprobe.common.Application.lambda$onCreate$0(Application.java:63)
	at java.base/java.util.concurrent.ThreadPoolExecutor.runWorker(ThreadPoolExecutor.java:1128)
	at java.base/java.util.concurrent.ThreadPoolExecutor$Worker.run(ThreadPoolExecutor.java:628)
	at java.base/java.lang.Thread.run(Thread.java:829)
Exception in thread "pool-46-thread-1" java.lang.IllegalStateException: Cannot perform this operation because the connection pool has been closed.
	at android.database.sqlite.SQLiteConnectionPool.throwIfClosedLocked(SQLiteConnectionPool.java:1069)
	at android.database.sqlite.SQLiteConnectionPool.waitForConnection(SQLiteConnectionPool.java:683)
	at android.database.sqlite.SQLiteConnectionPool.acquireConnection(SQLiteConnectionPool.java:378)
	at android.database.sqlite.SQLiteSession.acquireConnection(SQLiteSession.java:894)
	at android.database.sqlite.SQLiteSession.executeForCursorWindow(SQLiteSession.java:834)
	at android.database.sqlite.SQLiteQuery.fillWindow(SQLiteQuery.java:62)
	at android.database.sqlite.SQLiteCursor.fillWindow(SQLiteCursor.java:149)
	at android.database.sqlite.SQLiteCursor.getCount(SQLiteCursor.java:137)
	at android.database.AbstractCursor.moveToPosition(AbstractCursor.java:220)
	at android.database.AbstractCursor.moveToFirst(AbstractCursor.java:259)
	at org.robolectric.shadows.ShadowCursorWrapper.moveToFirst(ShadowCursorWrapper.java:48)
	at android.database.CursorWrapper.moveToFirst(CursorWrapper.java)
	at com.raizlabs.android.dbflow.sql.queriable.SingleModelLoader.convertToData(SingleModelLoader.java:21)
	at com.raizlabs.android.dbflow.sql.queriable.SingleModelLoader.convertToData(SingleModelLoader.java:32)
	at com.raizlabs.android.dbflow.sql.queriable.ModelLoader.load(ModelLoader.java:72)
	at com.raizlabs.android.dbflow.sql.queriable.ModelLoader.load(ModelLoader.java:60)
	at com.raizlabs.android.dbflow.sql.queriable.ModelLoader.load(ModelLoader.java:53)
	at com.raizlabs.android.dbflow.sql.queriable.ModelLoader.load(ModelLoader.java:36)
	at com.raizlabs.android.dbflow.sql.language.BaseModelQueriable.querySingle(BaseModelQueriable.java:69)
	at com.raizlabs.android.dbflow.sql.language.Where.querySingle(Where.java:249)
	at org.openobservatory.ooniprobe.model.database.Measurement_Table.loadFromCursor(Measurement_Table.java:396)
	at org.openobservatory.ooniprobe.model.database.Measurement_Table.loadFromCursor(Measurement_Table.java:36)
	at com.raizlabs.android.dbflow.sql.queriable.ListModelLoader.convertToData(ListModelLoader.java:77)
	at com.raizlabs.android.dbflow.sql.queriable.ListModelLoader.convertToData(ListModelLoader.java:15)
	at com.raizlabs.android.dbflow.sql.queriable.ModelLoader.load(ModelLoader.java:72)
	at com.raizlabs.android.dbflow.sql.queriable.ListModelLoader.load(ListModelLoader.java:61)
	at com.raizlabs.android.dbflow.sql.queriable.ListModelLoader.load(ListModelLoader.java:15)
	at com.raizlabs.android.dbflow.sql.queriable.ModelLoader.load(ModelLoader.java:60)
	at com.raizlabs.android.dbflow.sql.queriable.ListModelLoader.load(ListModelLoader.java:44)
	at com.raizlabs.android.dbflow.sql.queriable.ListModelLoader.load(ListModelLoader.java:15)
	at com.raizlabs.android.dbflow.sql.queriable.ModelLoader.load(ModelLoader.java:53)
	at com.raizlabs.android.dbflow.sql.queriable.ListModelLoader.load(ListModelLoader.java:37)
	at com.raizlabs.android.dbflow.sql.queriable.ListModelLoader.load(ListModelLoader.java:15)
	at com.raizlabs.android.dbflow.sql.queriable.ModelLoader.load(ModelLoader.java:36)
	at com.raizlabs.android.dbflow.sql.queriable.ListModelLoader.load(ListModelLoader.java:25)
	at com.raizlabs.android.dbflow.sql.language.BaseModelQueriable.queryList(BaseModelQueriable.java:61)
	at com.raizlabs.android.dbflow.sql.language.Where.queryList(Where.java:236)
	at org.openobservatory.ooniprobe.model.database.Measurement.getReportsUploaded(Measurement.java:158)
	at org.openobservatory.ooniprobe.model.database.Measurement.deleteUploadedJsons(Measurement.java:329)
	at org.openobservatory.ooniprobe.common.Application.lambda$onCreate$0(Application.java:63)
	at java.base/java.util.concurrent.ThreadPoolExecutor.runWorker(ThreadPoolExecutor.java:1128)
	at java.base/java.util.concurrent.ThreadPoolExecutor$Worker.run(ThreadPoolExecutor.java:628)
	at java.base/java.lang.Thread.run(Thread.java:829)
Exception in thread "pool-49-thread-1" java.lang.IllegalStateException: The global database holder is not initialized. Ensure you call FlowManager.init() before accessing the database.
	at com.raizlabs.android.dbflow.config.FlowManager.checkDatabaseHolder(FlowManager.java:507)
	at com.raizlabs.android.dbflow.config.FlowManager.getDatabaseForTable(FlowManager.java:138)
	at com.raizlabs.android.dbflow.config.FlowManager.getModelAdapterOrNull(FlowManager.java:469)
	at com.raizlabs.android.dbflow.config.FlowManager.getTableName(FlowManager.java:79)
	at com.raizlabs.android.dbflow.sql.language.From.getTableAlias(From.java:43)
	at com.raizlabs.android.dbflow.sql.language.From.getQuery(From.java:211)
	at com.raizlabs.android.dbflow.sql.language.Where.getQuery(Where.java:189)
	at com.raizlabs.android.dbflow.sql.language.BaseModelQueriable.querySingle(BaseModelQueriable.java:67)
	at com.raizlabs.android.dbflow.sql.language.Where.querySingle(Where.java:249)
	at org.openobservatory.ooniprobe.model.database.Measurement_Table.loadFromCursor(Measurement_Table.java:396)
	at org.openobservatory.ooniprobe.model.database.Measurement_Table.loadFromCursor(Measurement_Table.java:36)
	at com.raizlabs.android.dbflow.sql.queriable.ListModelLoader.convertToData(ListModelLoader.java:77)
	at com.raizlabs.android.dbflow.sql.queriable.ListModelLoader.convertToData(ListModelLoader.java:15)
	at com.raizlabs.android.dbflow.sql.queriable.ModelLoader.load(ModelLoader.java:72)
	at com.raizlabs.android.dbflow.sql.queriable.ListModelLoader.load(ListModelLoader.java:61)
	at com.raizlabs.android.dbflow.sql.queriable.ListModelLoader.load(ListModelLoader.java:15)
	at com.raizlabs.android.dbflow.sql.queriable.ModelLoader.load(ModelLoader.java:60)
	at com.raizlabs.android.dbflow.sql.queriable.ListModelLoader.load(ListModelLoader.java:44)
	at com.raizlabs.android.dbflow.sql.queriable.ListModelLoader.load(ListModelLoader.java:15)
	at com.raizlabs.android.dbflow.sql.queriable.ModelLoader.load(ModelLoader.java:53)
	at com.raizlabs.android.dbflow.sql.queriable.ListModelLoader.load(ListModelLoader.java:37)
	at com.raizlabs.android.dbflow.sql.queriable.ListModelLoader.load(ListModelLoader.java:15)
	at com.raizlabs.android.dbflow.sql.queriable.ModelLoader.load(ModelLoader.java:36)
	at com.raizlabs.android.dbflow.sql.queriable.ListModelLoader.load(ListModelLoader.java:25)
	at com.raizlabs.android.dbflow.sql.language.BaseModelQueriable.queryList(BaseModelQueriable.java:61)
	at com.raizlabs.android.dbflow.sql.language.Where.queryList(Where.java:236)
	at org.openobservatory.ooniprobe.model.database.Measurement.getReportsUploaded(Measurement.java:158)
	at org.openobservatory.ooniprobe.model.database.Measurement.deleteUploadedJsons(Measurement.java:329)
	at org.openobservatory.ooniprobe.common.Application.lambda$onCreate$0(Application.java:63)
	at java.base/java.util.concurrent.ThreadPoolExecutor.runWorker(ThreadPoolExecutor.java:1128)
	at java.base/java.util.concurrent.ThreadPoolExecutor$Worker.run(ThreadPoolExecutor.java:628)
	at java.base/java.lang.Thread.run(Thread.java:829)
System.logW: A resource was acquired at attached stack trace but never released. See java.io.Closeable for information on avoiding resource leaks.java.lang.Throwable: Explicit termination method 'close' not called
System.logW: A resource was acquired at attached stack trace but never released. See java.io.Closeable for information on avoiding resource leaks.java.lang.Throwable: Explicit termination method 'close' not called
System.logW: A resource was acquired at attached stack trace but never released. See java.io.Closeable for information on avoiding resource leaks.java.lang.Throwable: Explicit termination method 'close' not called
Exception in thread "pool-52-thread-1" java.lang.IllegalStateException: Cannot perform this operation because the connection pool has been closed.
	at android.database.sqlite.SQLiteConnectionPool.throwIfClosedLocked(SQLiteConnectionPool.java:1069)
	at android.database.sqlite.SQLiteConnectionPool.waitForConnection(SQLiteConnectionPool.java:683)
	at android.database.sqlite.SQLiteConnectionPool.acquireConnection(SQLiteConnectionPool.java:378)
	at android.database.sqlite.SQLiteSession.acquireConnection(SQLiteSession.java:894)
	at android.database.sqlite.SQLiteSession.executeForCursorWindow(SQLiteSession.java:834)
	at android.database.sqlite.SQLiteQuery.fillWindow(SQLiteQuery.java:62)
	at android.database.sqlite.SQLiteCursor.fillWindow(SQLiteCursor.java:149)
	at android.database.sqlite.SQLiteCursor.getCount(SQLiteCursor.java:137)
	at android.database.AbstractCursor.moveToPosition(AbstractCursor.java:220)
	at android.database.AbstractCursor.moveToFirst(AbstractCursor.java:259)
	at org.robolectric.shadows.ShadowCursorWrapper.moveToFirst(ShadowCursorWrapper.java:48)
	at android.database.CursorWrapper.moveToFirst(CursorWrapper.java)
	at com.raizlabs.android.dbflow.sql.queriable.SingleModelLoader.convertToData(SingleModelLoader.java:21)
	at com.raizlabs.android.dbflow.sql.queriable.SingleModelLoader.convertToData(SingleModelLoader.java:32)
	at com.raizlabs.android.dbflow.sql.queriable.ModelLoader.load(ModelLoader.java:72)
	at com.raizlabs.android.dbflow.sql.queriable.ModelLoader.load(ModelLoader.java:60)
	at com.raizlabs.android.dbflow.sql.queriable.ModelLoader.load(ModelLoader.java:53)
	at com.raizlabs.android.dbflow.sql.queriable.ModelLoader.load(ModelLoader.java:36)
	at com.raizlabs.android.dbflow.sql.language.BaseModelQueriable.querySingle(BaseModelQueriable.java:69)
	at com.raizlabs.android.dbflow.sql.language.Where.querySingle(Where.java:249)
	at org.openobservatory.ooniprobe.model.database.Measurement_Table.loadFromCursor(Measurement_Table.java:396)
	at org.openobservatory.ooniprobe.model.database.Measurement_Table.loadFromCursor(Measurement_Table.java:36)
	at com.raizlabs.android.dbflow.sql.queriable.ListModelLoader.convertToData(ListModelLoader.java:77)
	at com.raizlabs.android.dbflow.sql.queriable.ListModelLoader.convertToData(ListModelLoader.java:15)
	at com.raizlabs.android.dbflow.sql.queriable.ModelLoader.load(ModelLoader.java:72)
	at com.raizlabs.android.dbflow.sql.queriable.ListModelLoader.load(ListModelLoader.java:61)
	at com.raizlabs.android.dbflow.sql.queriable.ListModelLoader.load(ListModelLoader.java:15)
	at com.raizlabs.android.dbflow.sql.queriable.ModelLoader.load(ModelLoader.java:60)
	at com.raizlabs.android.dbflow.sql.queriable.ListModelLoader.load(ListModelLoader.java:44)
	at com.raizlabs.android.dbflow.sql.queriable.ListModelLoader.load(ListModelLoader.java:15)
	at com.raizlabs.android.dbflow.sql.queriable.ModelLoader.load(ModelLoader.java:53)
	at com.raizlabs.android.dbflow.sql.queriable.ListModelLoader.load(ListModelLoader.java:37)
	at com.raizlabs.android.dbflow.sql.queriable.ListModelLoader.load(ListModelLoader.java:15)
	at com.raizlabs.android.dbflow.sql.queriable.ModelLoader.load(ModelLoader.java:36)
	at com.raizlabs.android.dbflow.sql.queriable.ListModelLoader.load(ListModelLoader.java:25)
	at com.raizlabs.android.dbflow.sql.language.BaseModelQueriable.queryList(BaseModelQueriable.java:61)
	at com.raizlabs.android.dbflow.sql.language.Where.queryList(Where.java:236)
	at org.openobservatory.ooniprobe.model.database.Measurement.getReportsUploaded(Measurement.java:158)
	at org.openobservatory.ooniprobe.model.database.Measurement.deleteUploadedJsons(Measurement.java:329)
	at org.openobservatory.ooniprobe.common.Application.lambda$onCreate$0(Application.java:63)
	at java.base/java.util.concurrent.ThreadPoolExecutor.runWorker(ThreadPoolExecutor.java:1128)
	at java.base/java.util.concurrent.ThreadPoolExecutor$Worker.run(ThreadPoolExecutor.java:628)
	at java.base/java.lang.Thread.run(Thread.java:829)
Exception in thread "pool-55-thread-1" java.lang.IllegalStateException: Cannot perform this operation because the connection pool has been closed.
	at android.database.sqlite.SQLiteConnectionPool.throwIfClosedLocked(SQLiteConnectionPool.java:1069)
	at android.database.sqlite.SQLiteConnectionPool.waitForConnection(SQLiteConnectionPool.java:683)
	at android.database.sqlite.SQLiteConnectionPool.acquireConnection(SQLiteConnectionPool.java:378)
	at android.database.sqlite.SQLiteSession.acquireConnection(SQLiteSession.java:894)
	at android.database.sqlite.SQLiteSession.executeForCursorWindow(SQLiteSession.java:834)
	at android.database.sqlite.SQLiteQuery.fillWindow(SQLiteQuery.java:62)
	at android.database.sqlite.SQLiteCursor.fillWindow(SQLiteCursor.java:149)
	at android.database.sqlite.SQLiteCursor.getCount(SQLiteCursor.java:137)
	at android.database.AbstractCursor.moveToPosition(AbstractCursor.java:220)
	at android.database.AbstractCursor.moveToFirst(AbstractCursor.java:259)
	at org.robolectric.shadows.ShadowCursorWrapper.moveToFirst(ShadowCursorWrapper.java:48)
	at android.database.CursorWrapper.moveToFirst(CursorWrapper.java)
	at com.raizlabs.android.dbflow.sql.queriable.SingleModelLoader.convertToData(SingleModelLoader.java:21)
	at com.raizlabs.android.dbflow.sql.queriable.SingleModelLoader.convertToData(SingleModelLoader.java:32)
	at com.raizlabs.android.dbflow.sql.queriable.ModelLoader.load(ModelLoader.java:72)
	at com.raizlabs.android.dbflow.sql.queriable.ModelLoader.load(ModelLoader.java:60)
	at com.raizlabs.android.dbflow.sql.queriable.ModelLoader.load(ModelLoader.java:53)
	at com.raizlabs.android.dbflow.sql.queriable.ModelLoader.load(ModelLoader.java:36)
	at com.raizlabs.android.dbflow.sql.language.BaseModelQueriable.querySingle(BaseModelQueriable.java:69)
	at com.raizlabs.android.dbflow.sql.language.Where.querySingle(Where.java:249)
	at org.openobservatory.ooniprobe.model.database.Measurement_Table.loadFromCursor(Measurement_Table.java:396)
	at org.openobservatory.ooniprobe.model.database.Measurement_Table.loadFromCursor(Measurement_Table.java:36)
	at com.raizlabs.android.dbflow.sql.queriable.ListModelLoader.convertToData(ListModelLoader.java:77)
	at com.raizlabs.android.dbflow.sql.queriable.ListModelLoader.convertToData(ListModelLoader.java:15)
	at com.raizlabs.android.dbflow.sql.queriable.ModelLoader.load(ModelLoader.java:72)
	at com.raizlabs.android.dbflow.sql.queriable.ListModelLoader.load(ListModelLoader.java:61)
	at com.raizlabs.android.dbflow.sql.queriable.ListModelLoader.load(ListModelLoader.java:15)
	at com.raizlabs.android.dbflow.sql.queriable.ModelLoader.load(ModelLoader.java:60)
	at com.raizlabs.android.dbflow.sql.queriable.ListModelLoader.load(ListModelLoader.java:44)
	at com.raizlabs.android.dbflow.sql.queriable.ListModelLoader.load(ListModelLoader.java:15)
	at com.raizlabs.android.dbflow.sql.queriable.ModelLoader.load(ModelLoader.java:53)
	at com.raizlabs.android.dbflow.sql.queriable.ListModelLoader.load(ListModelLoader.java:37)
	at com.raizlabs.android.dbflow.sql.queriable.ListModelLoader.load(ListModelLoader.java:15)
	at com.raizlabs.android.dbflow.sql.queriable.ModelLoader.load(ModelLoader.java:36)
	at com.raizlabs.android.dbflow.sql.queriable.ListModelLoader.load(ListModelLoader.java:25)
	at com.raizlabs.android.dbflow.sql.language.BaseModelQueriable.queryList(BaseModelQueriable.java:61)
	at com.raizlabs.android.dbflow.sql.language.Where.queryList(Where.java:236)
	at org.openobservatory.ooniprobe.model.database.Measurement.getReportsUploaded(Measurement.java:158)
	at org.openobservatory.ooniprobe.model.database.Measurement.deleteUploadedJsons(Measurement.java:329)
	at org.openobservatory.ooniprobe.common.Application.lambda$onCreate$0(Application.java:63)
	at java.base/java.util.concurrent.ThreadPoolExecutor.runWorker(ThreadPoolExecutor.java:1128)
	at java.base/java.util.concurrent.ThreadPoolExecutor$Worker.run(ThreadPoolExecutor.java:628)
	at java.base/java.lang.Thread.run(Thread.java:829)
Exception in thread "pool-58-thread-1" java.lang.IllegalStateException: The global database holder is not initialized. Ensure you call FlowManager.init() before accessing the database.
	at com.raizlabs.android.dbflow.config.FlowManager.checkDatabaseHolder(FlowManager.java:507)
	at com.raizlabs.android.dbflow.config.FlowManager.getDatabaseForTable(FlowManager.java:138)
	at com.raizlabs.android.dbflow.config.FlowManager.getModelAdapterOrNull(FlowManager.java:469)
	at com.raizlabs.android.dbflow.config.FlowManager.getTableName(FlowManager.java:79)
	at com.raizlabs.android.dbflow.sql.language.From.getTableAlias(From.java:43)
	at com.raizlabs.android.dbflow.sql.language.From.getQuery(From.java:211)
	at com.raizlabs.android.dbflow.sql.language.Where.getQuery(Where.java:189)
	at com.raizlabs.android.dbflow.sql.language.BaseModelQueriable.querySingle(BaseModelQueriable.java:67)
	at com.raizlabs.android.dbflow.sql.language.Where.querySingle(Where.java:249)
	at org.openobservatory.ooniprobe.model.database.Measurement_Table.loadFromCursor(Measurement_Table.java:396)
	at org.openobservatory.ooniprobe.model.database.Measurement_Table.loadFromCursor(Measurement_Table.java:36)
	at com.raizlabs.android.dbflow.sql.queriable.ListModelLoader.convertToData(ListModelLoader.java:77)
	at com.raizlabs.android.dbflow.sql.queriable.ListModelLoader.convertToData(ListModelLoader.java:15)
	at com.raizlabs.android.dbflow.sql.queriable.ModelLoader.load(ModelLoader.java:72)
	at com.raizlabs.android.dbflow.sql.queriable.ListModelLoader.load(ListModelLoader.java:61)
	at com.raizlabs.android.dbflow.sql.queriable.ListModelLoader.load(ListModelLoader.java:15)
	at com.raizlabs.android.dbflow.sql.queriable.ModelLoader.load(ModelLoader.java:60)
	at com.raizlabs.android.dbflow.sql.queriable.ListModelLoader.load(ListModelLoader.java:44)
	at com.raizlabs.android.dbflow.sql.queriable.ListModelLoader.load(ListModelLoader.java:15)
	at com.raizlabs.android.dbflow.sql.queriable.ModelLoader.load(ModelLoader.java:53)
	at com.raizlabs.android.dbflow.sql.queriable.ListModelLoader.load(ListModelLoader.java:37)
	at com.raizlabs.android.dbflow.sql.queriable.ListModelLoader.load(ListModelLoader.java:15)
	at com.raizlabs.android.dbflow.sql.queriable.ModelLoader.load(ModelLoader.java:36)
	at com.raizlabs.android.dbflow.sql.queriable.ListModelLoader.load(ListModelLoader.java:25)
	at com.raizlabs.android.dbflow.sql.language.BaseModelQueriable.queryList(BaseModelQueriable.java:61)
	at com.raizlabs.android.dbflow.sql.language.Where.queryList(Where.java:236)
	at org.openobservatory.ooniprobe.model.database.Measurement.getReportsUploaded(Measurement.java:158)
	at org.openobservatory.ooniprobe.model.database.Measurement.deleteUploadedJsons(Measurement.java:329)
	at org.openobservatory.ooniprobe.common.Application.lambda$onCreate$0(Application.java:63)
	at java.base/java.util.concurrent.ThreadPoolExecutor.runWorker(ThreadPoolExecutor.java:1128)
	at java.base/java.util.concurrent.ThreadPoolExecutor$Worker.run(ThreadPoolExecutor.java:628)
	at java.base/java.lang.Thread.run(Thread.java:829)
Exception in thread "pool-61-thread-1" java.lang.IllegalStateException: Cannot perform this operation because the connection pool has been closed.
	at android.database.sqlite.SQLiteConnectionPool.throwIfClosedLocked(SQLiteConnectionPool.java:1069)
	at android.database.sqlite.SQLiteConnectionPool.waitForConnection(SQLiteConnectionPool.java:683)
	at android.database.sqlite.SQLiteConnectionPool.acquireConnection(SQLiteConnectionPool.java:378)
	at android.database.sqlite.SQLiteSession.acquireConnection(SQLiteSession.java:894)
	at android.database.sqlite.SQLiteSession.executeForCursorWindow(SQLiteSession.java:834)
	at android.database.sqlite.SQLiteQuery.fillWindow(SQLiteQuery.java:62)
	at android.database.sqlite.SQLiteCursor.fillWindow(SQLiteCursor.java:149)
	at android.database.sqlite.SQLiteCursor.getCount(SQLiteCursor.java:137)
	at android.database.AbstractCursor.moveToPosition(AbstractCursor.java:220)
	at android.database.AbstractCursor.moveToFirst(AbstractCursor.java:259)
	at org.robolectric.shadows.ShadowCursorWrapper.moveToFirst(ShadowCursorWrapper.java:48)
	at android.database.CursorWrapper.moveToFirst(CursorWrapper.java)
	at com.raizlabs.android.dbflow.sql.queriable.SingleModelLoader.convertToData(SingleModelLoader.java:21)
	at com.raizlabs.android.dbflow.sql.queriable.SingleModelLoader.convertToData(SingleModelLoader.java:32)
	at com.raizlabs.android.dbflow.sql.queriable.ModelLoader.load(ModelLoader.java:72)
	at com.raizlabs.android.dbflow.sql.queriable.ModelLoader.load(ModelLoader.java:60)
	at com.raizlabs.android.dbflow.sql.queriable.ModelLoader.load(ModelLoader.java:53)
	at com.raizlabs.android.dbflow.sql.queriable.ModelLoader.load(ModelLoader.java:36)
	at com.raizlabs.android.dbflow.sql.language.BaseModelQueriable.querySingle(BaseModelQueriable.java:69)
	at com.raizlabs.android.dbflow.sql.language.Where.querySingle(Where.java:249)
	at org.openobservatory.ooniprobe.model.database.Measurement_Table.loadFromCursor(Measurement_Table.java:396)
	at org.openobservatory.ooniprobe.model.database.Measurement_Table.loadFromCursor(Measurement_Table.java:36)
	at com.raizlabs.android.dbflow.sql.queriable.ListModelLoader.convertToData(ListModelLoader.java:77)
	at com.raizlabs.android.dbflow.sql.queriable.ListModelLoader.convertToData(ListModelLoader.java:15)
	at com.raizlabs.android.dbflow.sql.queriable.ModelLoader.load(ModelLoader.java:72)
	at com.raizlabs.android.dbflow.sql.queriable.ListModelLoader.load(ListModelLoader.java:61)
	at com.raizlabs.android.dbflow.sql.queriable.ListModelLoader.load(ListModelLoader.java:15)
	at com.raizlabs.android.dbflow.sql.queriable.ModelLoader.load(ModelLoader.java:60)
	at com.raizlabs.android.dbflow.sql.queriable.ListModelLoader.load(ListModelLoader.java:44)
	at com.raizlabs.android.dbflow.sql.queriable.ListModelLoader.load(ListModelLoader.java:15)
	at com.raizlabs.android.dbflow.sql.queriable.ModelLoader.load(ModelLoader.java:53)
	at com.raizlabs.android.dbflow.sql.queriable.ListModelLoader.load(ListModelLoader.java:37)
	at com.raizlabs.android.dbflow.sql.queriable.ListModelLoader.load(ListModelLoader.java:15)
	at com.raizlabs.android.dbflow.sql.queriable.ModelLoader.load(ModelLoader.java:36)
	at com.raizlabs.android.dbflow.sql.queriable.ListModelLoader.load(ListModelLoader.java:25)
	at com.raizlabs.android.dbflow.sql.language.BaseModelQueriable.queryList(BaseModelQueriable.java:61)
	at com.raizlabs.android.dbflow.sql.language.Where.queryList(Where.java:236)
	at org.openobservatory.ooniprobe.model.database.Measurement.getReportsUploaded(Measurement.java:158)
	at org.openobservatory.ooniprobe.model.database.Measurement.deleteUploadedJsons(Measurement.java:329)
	at org.openobservatory.ooniprobe.common.Application.lambda$onCreate$0(Application.java:63)
	at java.base/java.util.concurrent.ThreadPoolExecutor.runWorker(ThreadPoolExecutor.java:1128)
	at java.base/java.util.concurrent.ThreadPoolExecutor$Worker.run(ThreadPoolExecutor.java:628)
	at java.base/java.lang.Thread.run(Thread.java:829)
Exception in thread "pool-64-thread-1" java.lang.IllegalStateException: Cannot perform this operation because the connection pool has been closed.
	at android.database.sqlite.SQLiteConnectionPool.throwIfClosedLocked(SQLiteConnectionPool.java:1069)
	at android.database.sqlite.SQLiteConnectionPool.waitForConnection(SQLiteConnectionPool.java:683)
	at android.database.sqlite.SQLiteConnectionPool.acquireConnection(SQLiteConnectionPool.java:378)
	at android.database.sqlite.SQLiteSession.acquireConnection(SQLiteSession.java:894)
	at android.database.sqlite.SQLiteSession.executeForCursorWindow(SQLiteSession.java:834)
	at android.database.sqlite.SQLiteQuery.fillWindow(SQLiteQuery.java:62)
	at android.database.sqlite.SQLiteCursor.fillWindow(SQLiteCursor.java:149)
	at android.database.sqlite.SQLiteCursor.getCount(SQLiteCursor.java:137)
	at android.database.AbstractCursor.moveToPosition(AbstractCursor.java:220)
	at android.database.AbstractCursor.moveToFirst(AbstractCursor.java:259)
	at org.robolectric.shadows.ShadowCursorWrapper.moveToFirst(ShadowCursorWrapper.java:48)
	at android.database.CursorWrapper.moveToFirst(CursorWrapper.java)
	at com.raizlabs.android.dbflow.sql.queriable.SingleModelLoader.convertToData(SingleModelLoader.java:21)
	at com.raizlabs.android.dbflow.sql.queriable.SingleModelLoader.convertToData(SingleModelLoader.java:32)
	at com.raizlabs.android.dbflow.sql.queriable.ModelLoader.load(ModelLoader.java:72)
	at com.raizlabs.android.dbflow.sql.queriable.ModelLoader.load(ModelLoader.java:60)
	at com.raizlabs.android.dbflow.sql.queriable.ModelLoader.load(ModelLoader.java:53)
	at com.raizlabs.android.dbflow.sql.queriable.ModelLoader.load(ModelLoader.java:36)
	at com.raizlabs.android.dbflow.sql.language.BaseModelQueriable.querySingle(BaseModelQueriable.java:69)
	at com.raizlabs.android.dbflow.sql.language.Where.querySingle(Where.java:249)
	at org.openobservatory.ooniprobe.model.database.Measurement_Table.loadFromCursor(Measurement_Table.java:396)
	at org.openobservatory.ooniprobe.model.database.Measurement_Table.loadFromCursor(Measurement_Table.java:36)
	at com.raizlabs.android.dbflow.sql.queriable.ListModelLoader.convertToData(ListModelLoader.java:77)
	at com.raizlabs.android.dbflow.sql.queriable.ListModelLoader.convertToData(ListModelLoader.java:15)
	at com.raizlabs.android.dbflow.sql.queriable.ModelLoader.load(ModelLoader.java:72)
	at com.raizlabs.android.dbflow.sql.queriable.ListModelLoader.load(ListModelLoader.java:61)
	at com.raizlabs.android.dbflow.sql.queriable.ListModelLoader.load(ListModelLoader.java:15)
	at com.raizlabs.android.dbflow.sql.queriable.ModelLoader.load(ModelLoader.java:60)
	at com.raizlabs.android.dbflow.sql.queriable.ListModelLoader.load(ListModelLoader.java:44)
	at com.raizlabs.android.dbflow.sql.queriable.ListModelLoader.load(ListModelLoader.java:15)
	at com.raizlabs.android.dbflow.sql.queriable.ModelLoader.load(ModelLoader.java:53)
	at com.raizlabs.android.dbflow.sql.queriable.ListModelLoader.load(ListModelLoader.java:37)
	at com.raizlabs.android.dbflow.sql.queriable.ListModelLoader.load(ListModelLoader.java:15)
	at com.raizlabs.android.dbflow.sql.queriable.ModelLoader.load(ModelLoader.java:36)
	at com.raizlabs.android.dbflow.sql.queriable.ListModelLoader.load(ListModelLoader.java:25)
	at com.raizlabs.android.dbflow.sql.language.BaseModelQueriable.queryList(BaseModelQueriable.java:61)
	at com.raizlabs.android.dbflow.sql.language.Where.queryList(Where.java:236)
	at org.openobservatory.ooniprobe.model.database.Measurement.getReportsUploaded(Measurement.java:158)
	at org.openobservatory.ooniprobe.model.database.Measurement.deleteUploadedJsons(Measurement.java:329)
	at org.openobservatory.ooniprobe.common.Application.lambda$onCreate$0(Application.java:63)
	at java.base/java.util.concurrent.ThreadPoolExecutor.runWorker(ThreadPoolExecutor.java:1128)
	at java.base/java.util.concurrent.ThreadPoolExecutor$Worker.run(ThreadPoolExecutor.java:628)
	at java.base/java.lang.Thread.run(Thread.java:829)
Exception in thread "pool-67-thread-1" java.lang.IllegalStateException: Cannot perform this operation because the connection pool has been closed.
	at android.database.sqlite.SQLiteConnectionPool.throwIfClosedLocked(SQLiteConnectionPool.java:1069)
	at android.database.sqlite.SQLiteConnectionPool.waitForConnection(SQLiteConnectionPool.java:683)
	at android.database.sqlite.SQLiteConnectionPool.acquireConnection(SQLiteConnectionPool.java:378)
	at android.database.sqlite.SQLiteSession.acquireConnection(SQLiteSession.java:894)
	at android.database.sqlite.SQLiteSession.executeForCursorWindow(SQLiteSession.java:834)
	at android.database.sqlite.SQLiteQuery.fillWindow(SQLiteQuery.java:62)
	at android.database.sqlite.SQLiteCursor.fillWindow(SQLiteCursor.java:149)
	at android.database.sqlite.SQLiteCursor.getCount(SQLiteCursor.java:137)
	at android.database.AbstractCursor.moveToPosition(AbstractCursor.java:220)
	at android.database.AbstractCursor.moveToFirst(AbstractCursor.java:259)
	at org.robolectric.shadows.ShadowCursorWrapper.moveToFirst(ShadowCursorWrapper.java:48)
	at android.database.CursorWrapper.moveToFirst(CursorWrapper.java)
	at com.raizlabs.android.dbflow.sql.queriable.SingleModelLoader.convertToData(SingleModelLoader.java:21)
	at com.raizlabs.android.dbflow.sql.queriable.SingleModelLoader.convertToData(SingleModelLoader.java:32)
	at com.raizlabs.android.dbflow.sql.queriable.ModelLoader.load(ModelLoader.java:72)
	at com.raizlabs.android.dbflow.sql.queriable.ModelLoader.load(ModelLoader.java:60)
	at com.raizlabs.android.dbflow.sql.queriable.ModelLoader.load(ModelLoader.java:53)
	at com.raizlabs.android.dbflow.sql.queriable.ModelLoader.load(ModelLoader.java:36)
	at com.raizlabs.android.dbflow.sql.language.BaseModelQueriable.querySingle(BaseModelQueriable.java:69)
	at com.raizlabs.android.dbflow.sql.language.Where.querySingle(Where.java:249)
	at org.openobservatory.ooniprobe.model.database.Measurement_Table.loadFromCursor(Measurement_Table.java:396)
	at org.openobservatory.ooniprobe.model.database.Measurement_Table.loadFromCursor(Measurement_Table.java:36)
	at com.raizlabs.android.dbflow.sql.queriable.ListModelLoader.convertToData(ListModelLoader.java:77)
	at com.raizlabs.android.dbflow.sql.queriable.ListModelLoader.convertToData(ListModelLoader.java:15)
	at com.raizlabs.android.dbflow.sql.queriable.ModelLoader.load(ModelLoader.java:72)
	at com.raizlabs.android.dbflow.sql.queriable.ListModelLoader.load(ListModelLoader.java:61)
	at com.raizlabs.android.dbflow.sql.queriable.ListModelLoader.load(ListModelLoader.java:15)
	at com.raizlabs.android.dbflow.sql.queriable.ModelLoader.load(ModelLoader.java:60)
	at com.raizlabs.android.dbflow.sql.queriable.ListModelLoader.load(ListModelLoader.java:44)
	at com.raizlabs.android.dbflow.sql.queriable.ListModelLoader.load(ListModelLoader.java:15)
	at com.raizlabs.android.dbflow.sql.queriable.ModelLoader.load(ModelLoader.java:53)
	at com.raizlabs.android.dbflow.sql.queriable.ListModelLoader.load(ListModelLoader.java:37)
	at com.raizlabs.android.dbflow.sql.queriable.ListModelLoader.load(ListModelLoader.java:15)
	at com.raizlabs.android.dbflow.sql.queriable.ModelLoader.load(ModelLoader.java:36)
	at com.raizlabs.android.dbflow.sql.queriable.ListModelLoader.load(ListModelLoader.java:25)
	at com.raizlabs.android.dbflow.sql.language.BaseModelQueriable.queryList(BaseModelQueriable.java:61)
	at com.raizlabs.android.dbflow.sql.language.Where.queryList(Where.java:236)
	at org.openobservatory.ooniprobe.model.database.Measurement.getReportsUploaded(Measurement.java:158)
	at org.openobservatory.ooniprobe.model.database.Measurement.deleteUploadedJsons(Measurement.java:329)
	at org.openobservatory.ooniprobe.common.Application.lambda$onCreate$0(Application.java:63)
	at java.base/java.util.concurrent.ThreadPoolExecutor.runWorker(ThreadPoolExecutor.java:1128)
	at java.base/java.util.concurrent.ThreadPoolExecutor$Worker.run(ThreadPoolExecutor.java:628)
	at java.base/java.lang.Thread.run(Thread.java:829)
Exception in thread "pool-70-thread-1" java.lang.IllegalStateException: Cannot perform this operation because the connection pool has been closed.
	at android.database.sqlite.SQLiteConnectionPool.throwIfClosedLocked(SQLiteConnectionPool.java:1069)
	at android.database.sqlite.SQLiteConnectionPool.waitForConnection(SQLiteConnectionPool.java:683)
	at android.database.sqlite.SQLiteConnectionPool.acquireConnection(SQLiteConnectionPool.java:378)
	at android.database.sqlite.SQLiteSession.acquireConnection(SQLiteSession.java:894)
	at android.database.sqlite.SQLiteSession.executeForCursorWindow(SQLiteSession.java:834)
	at android.database.sqlite.SQLiteQuery.fillWindow(SQLiteQuery.java:62)
	at android.database.sqlite.SQLiteCursor.fillWindow(SQLiteCursor.java:149)
	at android.database.sqlite.SQLiteCursor.getCount(SQLiteCursor.java:137)
	at android.database.AbstractCursor.moveToPosition(AbstractCursor.java:220)
	at android.database.AbstractCursor.moveToFirst(AbstractCursor.java:259)
	at org.robolectric.shadows.ShadowCursorWrapper.moveToFirst(ShadowCursorWrapper.java:48)
	at android.database.CursorWrapper.moveToFirst(CursorWrapper.java)
	at com.raizlabs.android.dbflow.sql.queriable.SingleModelLoader.convertToData(SingleModelLoader.java:21)
	at com.raizlabs.android.dbflow.sql.queriable.SingleModelLoader.convertToData(SingleModelLoader.java:32)
	at com.raizlabs.android.dbflow.sql.queriable.ModelLoader.load(ModelLoader.java:72)
	at com.raizlabs.android.dbflow.sql.queriable.ModelLoader.load(ModelLoader.java:60)
	at com.raizlabs.android.dbflow.sql.queriable.ModelLoader.load(ModelLoader.java:53)
	at com.raizlabs.android.dbflow.sql.queriable.ModelLoader.load(ModelLoader.java:36)
	at com.raizlabs.android.dbflow.sql.language.BaseModelQueriable.querySingle(BaseModelQueriable.java:69)
	at com.raizlabs.android.dbflow.sql.language.Where.querySingle(Where.java:249)
	at org.openobservatory.ooniprobe.model.database.Measurement_Table.loadFromCursor(Measurement_Table.java:396)
	at org.openobservatory.ooniprobe.model.database.Measurement_Table.loadFromCursor(Measurement_Table.java:36)
	at com.raizlabs.android.dbflow.sql.queriable.ListModelLoader.convertToData(ListModelLoader.java:77)
	at com.raizlabs.android.dbflow.sql.queriable.ListModelLoader.convertToData(ListModelLoader.java:15)
	at com.raizlabs.android.dbflow.sql.queriable.ModelLoader.load(ModelLoader.java:72)
	at com.raizlabs.android.dbflow.sql.queriable.ListModelLoader.load(ListModelLoader.java:61)
	at com.raizlabs.android.dbflow.sql.queriable.ListModelLoader.load(ListModelLoader.java:15)
	at com.raizlabs.android.dbflow.sql.queriable.ModelLoader.load(ModelLoader.java:60)
	at com.raizlabs.android.dbflow.sql.queriable.ListModelLoader.load(ListModelLoader.java:44)
	at com.raizlabs.android.dbflow.sql.queriable.ListModelLoader.load(ListModelLoader.java:15)
	at com.raizlabs.android.dbflow.sql.queriable.ModelLoader.load(ModelLoader.java:53)
	at com.raizlabs.android.dbflow.sql.queriable.ListModelLoader.load(ListModelLoader.java:37)
	at com.raizlabs.android.dbflow.sql.queriable.ListModelLoader.load(ListModelLoader.java:15)
	at com.raizlabs.android.dbflow.sql.queriable.ModelLoader.load(ModelLoader.java:36)
	at com.raizlabs.android.dbflow.sql.queriable.ListModelLoader.load(ListModelLoader.java:25)
	at com.raizlabs.android.dbflow.sql.language.BaseModelQueriable.queryList(BaseModelQueriable.java:61)
	at com.raizlabs.android.dbflow.sql.language.Where.queryList(Where.java:236)
	at org.openobservatory.ooniprobe.model.database.Measurement.getReportsUploaded(Measurement.java:158)
	at org.openobservatory.ooniprobe.model.database.Measurement.deleteUploadedJsons(Measurement.java:329)
	at org.openobservatory.ooniprobe.common.Application.lambda$onCreate$0(Application.java:63)
	at java.base/java.util.concurrent.ThreadPoolExecutor.runWorker(ThreadPoolExecutor.java:1128)
	at java.base/java.util.concurrent.ThreadPoolExecutor$Worker.run(ThreadPoolExecutor.java:628)
	at java.base/java.lang.Thread.run(Thread.java:829)
Exception in thread "pool-73-thread-1" java.lang.IllegalStateException: Cannot perform this operation because the connection pool has been closed.
	at android.database.sqlite.SQLiteConnectionPool.throwIfClosedLocked(SQLiteConnectionPool.java:1069)
	at android.database.sqlite.SQLiteConnectionPool.waitForConnection(SQLiteConnectionPool.java:683)
	at android.database.sqlite.SQLiteConnectionPool.acquireConnection(SQLiteConnectionPool.java:378)
	at android.database.sqlite.SQLiteSession.acquireConnection(SQLiteSession.java:894)
	at android.database.sqlite.SQLiteSession.executeForCursorWindow(SQLiteSession.java:834)
	at android.database.sqlite.SQLiteQuery.fillWindow(SQLiteQuery.java:62)
	at android.database.sqlite.SQLiteCursor.fillWindow(SQLiteCursor.java:149)
	at android.database.sqlite.SQLiteCursor.getCount(SQLiteCursor.java:137)
	at android.database.AbstractCursor.moveToPosition(AbstractCursor.java:220)
	at android.database.AbstractCursor.moveToFirst(AbstractCursor.java:259)
	at org.robolectric.shadows.ShadowCursorWrapper.moveToFirst(ShadowCursorWrapper.java:48)
	at android.database.CursorWrapper.moveToFirst(CursorWrapper.java)
	at com.raizlabs.android.dbflow.sql.queriable.SingleModelLoader.convertToData(SingleModelLoader.java:21)
	at com.raizlabs.android.dbflow.sql.queriable.SingleModelLoader.convertToData(SingleModelLoader.java:32)
	at com.raizlabs.android.dbflow.sql.queriable.ModelLoader.load(ModelLoader.java:72)
	at com.raizlabs.android.dbflow.sql.queriable.ModelLoader.load(ModelLoader.java:60)
	at com.raizlabs.android.dbflow.sql.queriable.ModelLoader.load(ModelLoader.java:53)
	at com.raizlabs.android.dbflow.sql.queriable.ModelLoader.load(ModelLoader.java:36)
	at com.raizlabs.android.dbflow.sql.language.BaseModelQueriable.querySingle(BaseModelQueriable.java:69)
	at com.raizlabs.android.dbflow.sql.language.Where.querySingle(Where.java:249)
	at org.openobservatory.ooniprobe.model.database.Measurement_Table.loadFromCursor(Measurement_Table.java:396)
	at org.openobservatory.ooniprobe.model.database.Measurement_Table.loadFromCursor(Measurement_Table.java:36)
	at com.raizlabs.android.dbflow.sql.queriable.ListModelLoader.convertToData(ListModelLoader.java:77)
	at com.raizlabs.android.dbflow.sql.queriable.ListModelLoader.convertToData(ListModelLoader.java:15)
	at com.raizlabs.android.dbflow.sql.queriable.ModelLoader.load(ModelLoader.java:72)
	at com.raizlabs.android.dbflow.sql.queriable.ListModelLoader.load(ListModelLoader.java:61)
	at com.raizlabs.android.dbflow.sql.queriable.ListModelLoader.load(ListModelLoader.java:15)
	at com.raizlabs.android.dbflow.sql.queriable.ModelLoader.load(ModelLoader.java:60)
	at com.raizlabs.android.dbflow.sql.queriable.ListModelLoader.load(ListModelLoader.java:44)
	at com.raizlabs.android.dbflow.sql.queriable.ListModelLoader.load(ListModelLoader.java:15)
	at com.raizlabs.android.dbflow.sql.queriable.ModelLoader.load(ModelLoader.java:53)
	at com.raizlabs.android.dbflow.sql.queriable.ListModelLoader.load(ListModelLoader.java:37)
	at com.raizlabs.android.dbflow.sql.queriable.ListModelLoader.load(ListModelLoader.java:15)
	at com.raizlabs.android.dbflow.sql.queriable.ModelLoader.load(ModelLoader.java:36)
	at com.raizlabs.android.dbflow.sql.queriable.ListModelLoader.load(ListModelLoader.java:25)
	at com.raizlabs.android.dbflow.sql.language.BaseModelQueriable.queryList(BaseModelQueriable.java:61)
	at com.raizlabs.android.dbflow.sql.language.Where.queryList(Where.java:236)
	at org.openobservatory.ooniprobe.model.database.Measurement.getReportsUploaded(Measurement.java:158)
	at org.openobservatory.ooniprobe.model.database.Measurement.deleteUploadedJsons(Measurement.java:329)
	at org.openobservatory.ooniprobe.common.Application.lambda$onCreate$0(Application.java:63)
	at java.base/java.util.concurrent.ThreadPoolExecutor.runWorker(ThreadPoolExecutor.java:1128)
	at java.base/java.util.concurrent.ThreadPoolExecutor$Worker.run(ThreadPoolExecutor.java:628)
	at java.base/java.lang.Thread.run(Thread.java:829)
Exception in thread "pool-76-thread-1" java.lang.IllegalStateException: Illegal connection pointer 280568. Current pointers for thread Thread[pool-76-thread-1,5,SDK 28] []
	at org.robolectric.shadows.ShadowSQLiteConnection$Connections.getConnection(ShadowSQLiteConnection.java:376)
	at org.robolectric.shadows.ShadowSQLiteConnection$Connections.getStatement(ShadowSQLiteConnection.java:385)
	at org.robolectric.shadows.ShadowSQLiteConnection$Connections.executeStatementOperation(ShadowSQLiteConnection.java:792)
	at org.robolectric.shadows.ShadowSQLiteConnection$Connections.resetStatementAndClearBindings(ShadowSQLiteConnection.java:770)
	at org.robolectric.shadows.ShadowSQLiteConnection.nativeResetStatementAndClearBindings(ShadowSQLiteConnection.java:300)
	at android.database.sqlite.SQLiteConnection.nativeResetStatementAndClearBindings(SQLiteConnection.java)
	at android.database.sqlite.SQLiteConnection.releasePreparedStatement(SQLiteConnection.java:929)
	at android.database.sqlite.SQLiteConnection.executeForCursorWindow(SQLiteConnection.java:871)
	at android.database.sqlite.SQLiteSession.executeForCursorWindow(SQLiteSession.java:836)
	at android.database.sqlite.SQLiteQuery.fillWindow(SQLiteQuery.java:62)
	at android.database.sqlite.SQLiteCursor.fillWindow(SQLiteCursor.java:149)
	at android.database.sqlite.SQLiteCursor.getCount(SQLiteCursor.java:137)
	at android.database.AbstractCursor.moveToPosition(AbstractCursor.java:220)
	at android.database.AbstractCursor.moveToFirst(AbstractCursor.java:259)
	at org.robolectric.shadows.ShadowCursorWrapper.moveToFirst(ShadowCursorWrapper.java:48)
	at android.database.CursorWrapper.moveToFirst(CursorWrapper.java)
	at com.raizlabs.android.dbflow.sql.queriable.SingleModelLoader.convertToData(SingleModelLoader.java:21)
	at com.raizlabs.android.dbflow.sql.queriable.SingleModelLoader.convertToData(SingleModelLoader.java:32)
	at com.raizlabs.android.dbflow.sql.queriable.ModelLoader.load(ModelLoader.java:72)
	at com.raizlabs.android.dbflow.sql.queriable.ModelLoader.load(ModelLoader.java:60)
	at com.raizlabs.android.dbflow.sql.queriable.ModelLoader.load(ModelLoader.java:53)
	at com.raizlabs.android.dbflow.sql.queriable.ModelLoader.load(ModelLoader.java:36)
	at com.raizlabs.android.dbflow.sql.language.BaseModelQueriable.querySingle(BaseModelQueriable.java:69)
	at com.raizlabs.android.dbflow.sql.language.Where.querySingle(Where.java:249)
	at org.openobservatory.ooniprobe.model.database.Measurement_Table.loadFromCursor(Measurement_Table.java:396)
	at org.openobservatory.ooniprobe.model.database.Measurement_Table.loadFromCursor(Measurement_Table.java:36)
	at com.raizlabs.android.dbflow.sql.queriable.ListModelLoader.convertToData(ListModelLoader.java:77)
	at com.raizlabs.android.dbflow.sql.queriable.ListModelLoader.convertToData(ListModelLoader.java:15)
	at com.raizlabs.android.dbflow.sql.queriable.ModelLoader.load(ModelLoader.java:72)
	at com.raizlabs.android.dbflow.sql.queriable.ListModelLoader.load(ListModelLoader.java:61)
	at com.raizlabs.android.dbflow.sql.queriable.ListModelLoader.load(ListModelLoader.java:15)
	at com.raizlabs.android.dbflow.sql.queriable.ModelLoader.load(ModelLoader.java:60)
	at com.raizlabs.android.dbflow.sql.queriable.ListModelLoader.load(ListModelLoader.java:44)
	at com.raizlabs.android.dbflow.sql.queriable.ListModelLoader.load(ListModelLoader.java:15)
	at com.raizlabs.android.dbflow.sql.queriable.ModelLoader.load(ModelLoader.java:53)
	at com.raizlabs.android.dbflow.sql.queriable.ListModelLoader.load(ListModelLoader.java:37)
	at com.raizlabs.android.dbflow.sql.queriable.ListModelLoader.load(ListModelLoader.java:15)
	at com.raizlabs.android.dbflow.sql.queriable.ModelLoader.load(ModelLoader.java:36)
	at com.raizlabs.android.dbflow.sql.queriable.ListModelLoader.load(ListModelLoader.java:25)
	at com.raizlabs.android.dbflow.sql.language.BaseModelQueriable.queryList(BaseModelQueriable.java:61)
	at com.raizlabs.android.dbflow.sql.language.Where.queryList(Where.java:236)
	at org.openobservatory.ooniprobe.model.database.Measurement.getReportsUploaded(Measurement.java:158)
	at org.openobservatory.ooniprobe.model.database.Measurement.deleteUploadedJsons(Measurement.java:329)
	at org.openobservatory.ooniprobe.common.Application.lambda$onCreate$0(Application.java:63)
	at java.base/java.util.concurrent.ThreadPoolExecutor.runWorker(ThreadPoolExecutor.java:1128)
	at java.base/java.util.concurrent.ThreadPoolExecutor$Worker.run(ThreadPoolExecutor.java:628)
	at java.base/java.lang.Thread.run(Thread.java:829)
System.logW: A resource was acquired at attached stack trace but never released. See java.io.Closeable for information on avoiding resource leaks.java.lang.Throwable: Explicit termination method 'close' not called
System.logW: A resource was acquired at attached stack trace but never released. See java.io.Closeable for information on avoiding resource leaks.java.lang.Throwable: Explicit termination method 'close' not called
System.logW: A resource was acquired at attached stack trace but never released. See java.io.Closeable for information on avoiding resource leaks.java.lang.Throwable: Explicit termination method 'close' not called
Exception in thread "pool-79-thread-1" java.lang.IllegalStateException: Cannot perform this operation because the connection pool has been closed.
	at android.database.sqlite.SQLiteConnectionPool.throwIfClosedLocked(SQLiteConnectionPool.java:1069)
	at android.database.sqlite.SQLiteConnectionPool.waitForConnection(SQLiteConnectionPool.java:683)
	at android.database.sqlite.SQLiteConnectionPool.acquireConnection(SQLiteConnectionPool.java:378)
	at android.database.sqlite.SQLiteSession.acquireConnection(SQLiteSession.java:894)
	at android.database.sqlite.SQLiteSession.executeForCursorWindow(SQLiteSession.java:834)
	at android.database.sqlite.SQLiteQuery.fillWindow(SQLiteQuery.java:62)
	at android.database.sqlite.SQLiteCursor.fillWindow(SQLiteCursor.java:149)
	at android.database.sqlite.SQLiteCursor.getCount(SQLiteCursor.java:137)
	at android.database.AbstractCursor.moveToPosition(AbstractCursor.java:220)
	at android.database.AbstractCursor.moveToFirst(AbstractCursor.java:259)
	at org.robolectric.shadows.ShadowCursorWrapper.moveToFirst(ShadowCursorWrapper.java:48)
	at android.database.CursorWrapper.moveToFirst(CursorWrapper.java)
	at com.raizlabs.android.dbflow.sql.queriable.SingleModelLoader.convertToData(SingleModelLoader.java:21)
	at com.raizlabs.android.dbflow.sql.queriable.SingleModelLoader.convertToData(SingleModelLoader.java:32)
	at com.raizlabs.android.dbflow.sql.queriable.ModelLoader.load(ModelLoader.java:72)
	at com.raizlabs.android.dbflow.sql.queriable.ModelLoader.load(ModelLoader.java:60)
	at com.raizlabs.android.dbflow.sql.queriable.ModelLoader.load(ModelLoader.java:53)
	at com.raizlabs.android.dbflow.sql.queriable.ModelLoader.load(ModelLoader.java:36)
	at com.raizlabs.android.dbflow.sql.language.BaseModelQueriable.querySingle(BaseModelQueriable.java:69)
	at com.raizlabs.android.dbflow.sql.language.Where.querySingle(Where.java:249)
	at org.openobservatory.ooniprobe.model.database.Measurement_Table.loadFromCursor(Measurement_Table.java:396)
	at org.openobservatory.ooniprobe.model.database.Measurement_Table.loadFromCursor(Measurement_Table.java:36)
	at com.raizlabs.android.dbflow.sql.queriable.ListModelLoader.convertToData(ListModelLoader.java:77)
	at com.raizlabs.android.dbflow.sql.queriable.ListModelLoader.convertToData(ListModelLoader.java:15)
	at com.raizlabs.android.dbflow.sql.queriable.ModelLoader.load(ModelLoader.java:72)
	at com.raizlabs.android.dbflow.sql.queriable.ListModelLoader.load(ListModelLoader.java:61)
	at com.raizlabs.android.dbflow.sql.queriable.ListModelLoader.load(ListModelLoader.java:15)
	at com.raizlabs.android.dbflow.sql.queriable.ModelLoader.load(ModelLoader.java:60)
	at com.raizlabs.android.dbflow.sql.queriable.ListModelLoader.load(ListModelLoader.java:44)
	at com.raizlabs.android.dbflow.sql.queriable.ListModelLoader.load(ListModelLoader.java:15)
	at com.raizlabs.android.dbflow.sql.queriable.ModelLoader.load(ModelLoader.java:53)
	at com.raizlabs.android.dbflow.sql.queriable.ListModelLoader.load(ListModelLoader.java:37)
	at com.raizlabs.android.dbflow.sql.queriable.ListModelLoader.load(ListModelLoader.java:15)
	at com.raizlabs.android.dbflow.sql.queriable.ModelLoader.load(ModelLoader.java:36)
	at com.raizlabs.android.dbflow.sql.queriable.ListModelLoader.load(ListModelLoader.java:25)
	at com.raizlabs.android.dbflow.sql.language.BaseModelQueriable.queryList(BaseModelQueriable.java:61)
	at com.raizlabs.android.dbflow.sql.language.Where.queryList(Where.java:236)
	at org.openobservatory.ooniprobe.model.database.Measurement.getReportsUploaded(Measurement.java:158)
	at org.openobservatory.ooniprobe.model.database.Measurement.deleteUploadedJsons(Measurement.java:329)
	at org.openobservatory.ooniprobe.common.Application.lambda$onCreate$0(Application.java:63)
	at java.base/java.util.concurrent.ThreadPoolExecutor.runWorker(ThreadPoolExecutor.java:1128)
	at java.base/java.util.concurrent.ThreadPoolExecutor$Worker.run(ThreadPoolExecutor.java:628)
	at java.base/java.lang.Thread.run(Thread.java:829)
Exception in thread "pool-82-thread-1" java.lang.IllegalStateException: Cannot perform this operation because the connection pool has been closed.
	at android.database.sqlite.SQLiteConnectionPool.throwIfClosedLocked(SQLiteConnectionPool.java:1069)
	at android.database.sqlite.SQLiteConnectionPool.waitForConnection(SQLiteConnectionPool.java:683)
	at android.database.sqlite.SQLiteConnectionPool.acquireConnection(SQLiteConnectionPool.java:378)
	at android.database.sqlite.SQLiteSession.acquireConnection(SQLiteSession.java:894)
	at android.database.sqlite.SQLiteSession.executeForCursorWindow(SQLiteSession.java:834)
	at android.database.sqlite.SQLiteQuery.fillWindow(SQLiteQuery.java:62)
	at android.database.sqlite.SQLiteCursor.fillWindow(SQLiteCursor.java:149)
	at android.database.sqlite.SQLiteCursor.getCount(SQLiteCursor.java:137)
	at android.database.AbstractCursor.moveToPosition(AbstractCursor.java:220)
	at android.database.AbstractCursor.moveToFirst(AbstractCursor.java:259)
	at org.robolectric.shadows.ShadowCursorWrapper.moveToFirst(ShadowCursorWrapper.java:48)
	at android.database.CursorWrapper.moveToFirst(CursorWrapper.java)
	at com.raizlabs.android.dbflow.sql.queriable.SingleModelLoader.convertToData(SingleModelLoader.java:21)
	at com.raizlabs.android.dbflow.sql.queriable.SingleModelLoader.convertToData(SingleModelLoader.java:32)
	at com.raizlabs.android.dbflow.sql.queriable.ModelLoader.load(ModelLoader.java:72)
	at com.raizlabs.android.dbflow.sql.queriable.ModelLoader.load(ModelLoader.java:60)
	at com.raizlabs.android.dbflow.sql.queriable.ModelLoader.load(ModelLoader.java:53)
	at com.raizlabs.android.dbflow.sql.queriable.ModelLoader.load(ModelLoader.java:36)
	at com.raizlabs.android.dbflow.sql.language.BaseModelQueriable.querySingle(BaseModelQueriable.java:69)
	at com.raizlabs.android.dbflow.sql.language.Where.querySingle(Where.java:249)
	at org.openobservatory.ooniprobe.model.database.Measurement_Table.loadFromCursor(Measurement_Table.java:396)
	at org.openobservatory.ooniprobe.model.database.Measurement_Table.loadFromCursor(Measurement_Table.java:36)
	at com.raizlabs.android.dbflow.sql.queriable.ListModelLoader.convertToData(ListModelLoader.java:77)
	at com.raizlabs.android.dbflow.sql.queriable.ListModelLoader.convertToData(ListModelLoader.java:15)
	at com.raizlabs.android.dbflow.sql.queriable.ModelLoader.load(ModelLoader.java:72)
	at com.raizlabs.android.dbflow.sql.queriable.ListModelLoader.load(ListModelLoader.java:61)
	at com.raizlabs.android.dbflow.sql.queriable.ListModelLoader.load(ListModelLoader.java:15)
	at com.raizlabs.android.dbflow.sql.queriable.ModelLoader.load(ModelLoader.java:60)
	at com.raizlabs.android.dbflow.sql.queriable.ListModelLoader.load(ListModelLoader.java:44)
	at com.raizlabs.android.dbflow.sql.queriable.ListModelLoader.load(ListModelLoader.java:15)
	at com.raizlabs.android.dbflow.sql.queriable.ModelLoader.load(ModelLoader.java:53)
	at com.raizlabs.android.dbflow.sql.queriable.ListModelLoader.load(ListModelLoader.java:37)
	at com.raizlabs.android.dbflow.sql.queriable.ListModelLoader.load(ListModelLoader.java:15)
	at com.raizlabs.android.dbflow.sql.queriable.ModelLoader.load(ModelLoader.java:36)
	at com.raizlabs.android.dbflow.sql.queriable.ListModelLoader.load(ListModelLoader.java:25)
	at com.raizlabs.android.dbflow.sql.language.BaseModelQueriable.queryList(BaseModelQueriable.java:61)
	at com.raizlabs.android.dbflow.sql.language.Where.queryList(Where.java:236)
	at org.openobservatory.ooniprobe.model.database.Measurement.getReportsUploaded(Measurement.java:158)
	at org.openobservatory.ooniprobe.model.database.Measurement.deleteUploadedJsons(Measurement.java:329)
	at org.openobservatory.ooniprobe.common.Application.lambda$onCreate$0(Application.java:63)
	at java.base/java.util.concurrent.ThreadPoolExecutor.runWorker(ThreadPoolExecutor.java:1128)
	at java.base/java.util.concurrent.ThreadPoolExecutor$Worker.run(ThreadPoolExecutor.java:628)
	at java.base/java.lang.Thread.run(Thread.java:829)
Exception in thread "pool-85-thread-1" java.lang.IllegalStateException: The global database holder is not initialized. Ensure you call FlowManager.init() before accessing the database.
	at com.raizlabs.android.dbflow.config.FlowManager.checkDatabaseHolder(FlowManager.java:507)
	at com.raizlabs.android.dbflow.config.FlowManager.getDatabaseForTable(FlowManager.java:138)
	at com.raizlabs.android.dbflow.config.FlowManager.getModelAdapterOrNull(FlowManager.java:469)
	at com.raizlabs.android.dbflow.config.FlowManager.getTableName(FlowManager.java:79)
	at com.raizlabs.android.dbflow.sql.language.From.getTableAlias(From.java:43)
	at com.raizlabs.android.dbflow.sql.language.From.getQuery(From.java:211)
	at com.raizlabs.android.dbflow.sql.language.Where.getQuery(Where.java:189)
	at com.raizlabs.android.dbflow.sql.language.BaseModelQueriable.querySingle(BaseModelQueriable.java:67)
	at com.raizlabs.android.dbflow.sql.language.Where.querySingle(Where.java:249)
	at org.openobservatory.ooniprobe.model.database.Measurement_Table.loadFromCursor(Measurement_Table.java:396)
	at org.openobservatory.ooniprobe.model.database.Measurement_Table.loadFromCursor(Measurement_Table.java:36)
	at com.raizlabs.android.dbflow.sql.queriable.ListModelLoader.convertToData(ListModelLoader.java:77)
	at com.raizlabs.android.dbflow.sql.queriable.ListModelLoader.convertToData(ListModelLoader.java:15)
	at com.raizlabs.android.dbflow.sql.queriable.ModelLoader.load(ModelLoader.java:72)
	at com.raizlabs.android.dbflow.sql.queriable.ListModelLoader.load(ListModelLoader.java:61)
	at com.raizlabs.android.dbflow.sql.queriable.ListModelLoader.load(ListModelLoader.java:15)
	at com.raizlabs.android.dbflow.sql.queriable.ModelLoader.load(ModelLoader.java:60)
	at com.raizlabs.android.dbflow.sql.queriable.ListModelLoader.load(ListModelLoader.java:44)
	at com.raizlabs.android.dbflow.sql.queriable.ListModelLoader.load(ListModelLoader.java:15)
	at com.raizlabs.android.dbflow.sql.queriable.ModelLoader.load(ModelLoader.java:53)
	at com.raizlabs.android.dbflow.sql.queriable.ListModelLoader.load(ListModelLoader.java:37)
	at com.raizlabs.android.dbflow.sql.queriable.ListModelLoader.load(ListModelLoader.java:15)
	at com.raizlabs.android.dbflow.sql.queriable.ModelLoader.load(ModelLoader.java:36)
	at com.raizlabs.android.dbflow.sql.queriable.ListModelLoader.load(ListModelLoader.java:25)
	at com.raizlabs.android.dbflow.sql.language.BaseModelQueriable.queryList(BaseModelQueriable.java:61)
	at com.raizlabs.android.dbflow.sql.language.Where.queryList(Where.java:236)
	at org.openobservatory.ooniprobe.model.database.Measurement.getReportsUploaded(Measurement.java:158)
	at org.openobservatory.ooniprobe.model.database.Measurement.deleteUploadedJsons(Measurement.java:329)
	at org.openobservatory.ooniprobe.common.Application.lambda$onCreate$0(Application.java:63)
	at java.base/java.util.concurrent.ThreadPoolExecutor.runWorker(ThreadPoolExecutor.java:1128)
	at java.base/java.util.concurrent.ThreadPoolExecutor$Worker.run(ThreadPoolExecutor.java:628)
	at java.base/java.lang.Thread.run(Thread.java:829)
Exception in thread "pool-88-thread-1" java.lang.IllegalStateException: Cannot perform this operation because the connection pool has been closed.
	at android.database.sqlite.SQLiteConnectionPool.throwIfClosedLocked(SQLiteConnectionPool.java:1069)
	at android.database.sqlite.SQLiteConnectionPool.waitForConnection(SQLiteConnectionPool.java:683)
	at android.database.sqlite.SQLiteConnectionPool.acquireConnection(SQLiteConnectionPool.java:378)
	at android.database.sqlite.SQLiteSession.acquireConnection(SQLiteSession.java:894)
	at android.database.sqlite.SQLiteSession.executeForCursorWindow(SQLiteSession.java:834)
	at android.database.sqlite.SQLiteQuery.fillWindow(SQLiteQuery.java:62)
	at android.database.sqlite.SQLiteCursor.fillWindow(SQLiteCursor.java:149)
	at android.database.sqlite.SQLiteCursor.getCount(SQLiteCursor.java:137)
	at android.database.AbstractCursor.moveToPosition(AbstractCursor.java:220)
	at android.database.AbstractCursor.moveToFirst(AbstractCursor.java:259)
	at org.robolectric.shadows.ShadowCursorWrapper.moveToFirst(ShadowCursorWrapper.java:48)
	at android.database.CursorWrapper.moveToFirst(CursorWrapper.java)
	at com.raizlabs.android.dbflow.sql.queriable.SingleModelLoader.convertToData(SingleModelLoader.java:21)
	at com.raizlabs.android.dbflow.sql.queriable.SingleModelLoader.convertToData(SingleModelLoader.java:32)
	at com.raizlabs.android.dbflow.sql.queriable.ModelLoader.load(ModelLoader.java:72)
	at com.raizlabs.android.dbflow.sql.queriable.ModelLoader.load(ModelLoader.java:60)
	at com.raizlabs.android.dbflow.sql.queriable.ModelLoader.load(ModelLoader.java:53)
	at com.raizlabs.android.dbflow.sql.queriable.ModelLoader.load(ModelLoader.java:36)
	at com.raizlabs.android.dbflow.sql.language.BaseModelQueriable.querySingle(BaseModelQueriable.java:69)
	at com.raizlabs.android.dbflow.sql.language.Where.querySingle(Where.java:249)
	at org.openobservatory.ooniprobe.model.database.Measurement_Table.loadFromCursor(Measurement_Table.java:396)
	at org.openobservatory.ooniprobe.model.database.Measurement_Table.loadFromCursor(Measurement_Table.java:36)
	at com.raizlabs.android.dbflow.sql.queriable.ListModelLoader.convertToData(ListModelLoader.java:77)
	at com.raizlabs.android.dbflow.sql.queriable.ListModelLoader.convertToData(ListModelLoader.java:15)
	at com.raizlabs.android.dbflow.sql.queriable.ModelLoader.load(ModelLoader.java:72)
	at com.raizlabs.android.dbflow.sql.queriable.ListModelLoader.load(ListModelLoader.java:61)
	at com.raizlabs.android.dbflow.sql.queriable.ListModelLoader.load(ListModelLoader.java:15)
	at com.raizlabs.android.dbflow.sql.queriable.ModelLoader.load(ModelLoader.java:60)
	at com.raizlabs.android.dbflow.sql.queriable.ListModelLoader.load(ListModelLoader.java:44)
	at com.raizlabs.android.dbflow.sql.queriable.ListModelLoader.load(ListModelLoader.java:15)
	at com.raizlabs.android.dbflow.sql.queriable.ModelLoader.load(ModelLoader.java:53)
	at com.raizlabs.android.dbflow.sql.queriable.ListModelLoader.load(ListModelLoader.java:37)
	at com.raizlabs.android.dbflow.sql.queriable.ListModelLoader.load(ListModelLoader.java:15)
	at com.raizlabs.android.dbflow.sql.queriable.ModelLoader.load(ModelLoader.java:36)
	at com.raizlabs.android.dbflow.sql.queriable.ListModelLoader.load(ListModelLoader.java:25)
	at com.raizlabs.android.dbflow.sql.language.BaseModelQueriable.queryList(BaseModelQueriable.java:61)
	at com.raizlabs.android.dbflow.sql.language.Where.queryList(Where.java:236)
	at org.openobservatory.ooniprobe.model.database.Measurement.getReportsUploaded(Measurement.java:158)
	at org.openobservatory.ooniprobe.model.database.Measurement.deleteUploadedJsons(Measurement.java:329)
	at org.openobservatory.ooniprobe.common.Application.lambda$onCreate$0(Application.java:63)
	at java.base/java.util.concurrent.ThreadPoolExecutor.runWorker(ThreadPoolExecutor.java:1128)
	at java.base/java.util.concurrent.ThreadPoolExecutor$Worker.run(ThreadPoolExecutor.java:628)
	at java.base/java.lang.Thread.run(Thread.java:829)
]]></system-err>
</testsuite>
