<?xml version="1.0" encoding="UTF-8"?>
<testsuite name="org.openobservatory.ooniprobe.domain.GenerateTestServiceSuiteAutoRun" tests="2" skipped="0" failures="0" errors="0" timestamp="2023-06-19T13:35:33" hostname="DESKTOP-P1HHUKE" time="95.92">
  <properties/>
  <testcase name="shouldNotStartTest" classname="org.openobservatory.ooniprobe.domain.GenerateTestServiceSuiteAutoRun" time="46.21"/>
  <testcase name="generateSuite" classname="org.openobservatory.ooniprobe.domain.GenerateTestServiceSuiteAutoRun" time="49.71"/>
  <system-out><![CDATA[]]></system-out>
  <system-err><![CDATA[java.lang.NullPointerException
	at org.openobservatory.ooniprobe.domain.GenerateAutoRunServiceSuite.generate(GenerateAutoRunServiceSuite.java:51)
	at org.openobservatory.ooniprobe.domain.GenerateTestServiceSuiteAutoRun.shouldNotStartTest(GenerateTestServiceSuiteAutoRun.java:55)
	at java.base/jdk.internal.reflect.NativeMethodAccessorImpl.invoke0(Native Method)
	at java.base/jdk.internal.reflect.NativeMethodAccessorImpl.invoke(NativeMethodAccessorImpl.java:62)
	at java.base/jdk.internal.reflect.DelegatingMethodAccessorImpl.invoke(DelegatingMethodAccessorImpl.java:43)
	at java.base/java.lang.reflect.Method.invoke(Method.java:566)
	at org.junit.runners.model.FrameworkMethod$1.runReflectiveCall(FrameworkMethod.java:59)
	at org.junit.internal.runners.model.ReflectiveCallable.run(ReflectiveCallable.java:12)
	at org.junit.runners.model.FrameworkMethod.invokeExplosively(FrameworkMethod.java:56)
	at org.junit.internal.runners.statements.InvokeMethod.evaluate(InvokeMethod.java:17)
	at org.junit.internal.runners.statements.RunBefores.evaluate(RunBefores.java:26)
	at org.junit.internal.runners.statements.RunAfters.evaluate(RunAfters.java:27)
	at org.junit.runners.ParentRunner$3.evaluate(ParentRunner.java:306)
	at org.robolectric.RobolectricTestRunner$HelperTestRunner$1.evaluate(RobolectricTestRunner.java:575)
	at org.robolectric.internal.SandboxTestRunner$2.lambda$evaluate$0(SandboxTestRunner.java:278)
	at org.robolectric.internal.bytecode.Sandbox.lambda$runOnMainThread$0(Sandbox.java:89)
	at java.base/java.util.concurrent.FutureTask.run(FutureTask.java:264)
	at java.base/java.util.concurrent.ThreadPoolExecutor.runWorker(ThreadPoolExecutor.java:1128)
	at java.base/java.util.concurrent.ThreadPoolExecutor$Worker.run(ThreadPoolExecutor.java:628)
	at java.base/java.lang.Thread.run(Thread.java:829)
Exception in thread "pool-10-thread-1" java.lang.IllegalStateException: The global database holder is not initialized. Ensure you call FlowManager.init() before accessing the database.
	at com.raizlabs.android.dbflow.config.FlowManager.checkDatabaseHolder(FlowManager.java:507)
	at com.raizlabs.android.dbflow.config.FlowManager.getDatabaseForTable(FlowManager.java:138)
	at com.raizlabs.android.dbflow.config.FlowManager.getModelAdapterOrNull(FlowManager.java:469)
	at com.raizlabs.android.dbflow.config.FlowManager.getTableName(FlowManager.java:79)
	at com.raizlabs.android.dbflow.sql.language.From.getTableAlias(From.java:43)
	at com.raizlabs.android.dbflow.sql.language.From.getQuery(From.java:211)
	at com.raizlabs.android.dbflow.sql.language.Where.getQuery(Where.java:189)
	at com.raizlabs.android.dbflow.sql.language.BaseModelQueriable.querySingle(BaseModelQueriable.java:67)
	at com.raizlabs.android.dbflow.sql.language.Where.querySingle(Where.java:249)
	at org.openobservatory.ooniprobe.model.database.Measurement_Table.loadFromCursor(Measurement_Table.java:396)
	at org.openobservatory.ooniprobe.model.database.Measurement_Table.loadFromCursor(Measurement_Table.java:36)
	at com.raizlabs.android.dbflow.sql.queriable.ListModelLoader.convertToData(ListModelLoader.java:77)
	at com.raizlabs.android.dbflow.sql.queriable.ListModelLoader.convertToData(ListModelLoader.java:15)
	at com.raizlabs.android.dbflow.sql.queriable.ModelLoader.load(ModelLoader.java:72)
	at com.raizlabs.android.dbflow.sql.queriable.ListModelLoader.load(ListModelLoader.java:61)
	at com.raizlabs.android.dbflow.sql.queriable.ListModelLoader.load(ListModelLoader.java:15)
	at com.raizlabs.android.dbflow.sql.queriable.ModelLoader.load(ModelLoader.java:60)
	at com.raizlabs.android.dbflow.sql.queriable.ListModelLoader.load(ListModelLoader.java:44)
	at com.raizlabs.android.dbflow.sql.queriable.ListModelLoader.load(ListModelLoader.java:15)
	at com.raizlabs.android.dbflow.sql.queriable.ModelLoader.load(ModelLoader.java:53)
	at com.raizlabs.android.dbflow.sql.queriable.ListModelLoader.load(ListModelLoader.java:37)
	at com.raizlabs.android.dbflow.sql.queriable.ListModelLoader.load(ListModelLoader.java:15)
	at com.raizlabs.android.dbflow.sql.queriable.ModelLoader.load(ModelLoader.java:36)
	at com.raizlabs.android.dbflow.sql.queriable.ListModelLoader.load(ListModelLoader.java:25)
	at com.raizlabs.android.dbflow.sql.language.BaseModelQueriable.queryList(BaseModelQueriable.java:61)
	at com.raizlabs.android.dbflow.sql.language.Where.queryList(Where.java:236)
	at org.openobservatory.ooniprobe.model.database.Measurement.getReportsUploaded(Measurement.java:158)
	at org.openobservatory.ooniprobe.model.database.Measurement.deleteUploadedJsons(Measurement.java:329)
	at org.openobservatory.ooniprobe.common.Application.lambda$onCreate$0(Application.java:63)
	at java.base/java.util.concurrent.ThreadPoolExecutor.runWorker(ThreadPoolExecutor.java:1128)
	at java.base/java.util.concurrent.ThreadPoolExecutor$Worker.run(ThreadPoolExecutor.java:628)
	at java.base/java.lang.Thread.run(Thread.java:829)
Exception in thread "pool-13-thread-1" java.lang.IllegalStateException: Cannot perform this operation because the connection pool has been closed.
	at android.database.sqlite.SQLiteConnectionPool.throwIfClosedLocked(SQLiteConnectionPool.java:1069)
	at android.database.sqlite.SQLiteConnectionPool.waitForConnection(SQLiteConnectionPool.java:683)
	at android.database.sqlite.SQLiteConnectionPool.acquireConnection(SQLiteConnectionPool.java:378)
	at android.database.sqlite.SQLiteSession.acquireConnection(SQLiteSession.java:894)
	at android.database.sqlite.SQLiteSession.executeForCursorWindow(SQLiteSession.java:834)
	at android.database.sqlite.SQLiteQuery.fillWindow(SQLiteQuery.java:62)
	at android.database.sqlite.SQLiteCursor.fillWindow(SQLiteCursor.java:149)
	at android.database.sqlite.SQLiteCursor.getCount(SQLiteCursor.java:137)
	at android.database.AbstractCursor.moveToPosition(AbstractCursor.java:220)
	at android.database.AbstractCursor.moveToFirst(AbstractCursor.java:259)
	at org.robolectric.shadows.ShadowCursorWrapper.moveToFirst(ShadowCursorWrapper.java:48)
	at android.database.CursorWrapper.moveToFirst(CursorWrapper.java)
	at com.raizlabs.android.dbflow.sql.queriable.SingleModelLoader.convertToData(SingleModelLoader.java:21)
	at com.raizlabs.android.dbflow.sql.queriable.SingleModelLoader.convertToData(SingleModelLoader.java:32)
	at com.raizlabs.android.dbflow.sql.queriable.ModelLoader.load(ModelLoader.java:72)
	at com.raizlabs.android.dbflow.sql.queriable.ModelLoader.load(ModelLoader.java:60)
	at com.raizlabs.android.dbflow.sql.queriable.ModelLoader.load(ModelLoader.java:53)
	at com.raizlabs.android.dbflow.sql.queriable.ModelLoader.load(ModelLoader.java:36)
	at com.raizlabs.android.dbflow.sql.language.BaseModelQueriable.querySingle(BaseModelQueriable.java:69)
	at com.raizlabs.android.dbflow.sql.language.Where.querySingle(Where.java:249)
	at org.openobservatory.ooniprobe.model.database.Measurement_Table.loadFromCursor(Measurement_Table.java:396)
	at org.openobservatory.ooniprobe.model.database.Measurement_Table.loadFromCursor(Measurement_Table.java:36)
	at com.raizlabs.android.dbflow.sql.queriable.ListModelLoader.convertToData(ListModelLoader.java:77)
	at com.raizlabs.android.dbflow.sql.queriable.ListModelLoader.convertToData(ListModelLoader.java:15)
	at com.raizlabs.android.dbflow.sql.queriable.ModelLoader.load(ModelLoader.java:72)
	at com.raizlabs.android.dbflow.sql.queriable.ListModelLoader.load(ListModelLoader.java:61)
	at com.raizlabs.android.dbflow.sql.queriable.ListModelLoader.load(ListModelLoader.java:15)
	at com.raizlabs.android.dbflow.sql.queriable.ModelLoader.load(ModelLoader.java:60)
	at com.raizlabs.android.dbflow.sql.queriable.ListModelLoader.load(ListModelLoader.java:44)
	at com.raizlabs.android.dbflow.sql.queriable.ListModelLoader.load(ListModelLoader.java:15)
	at com.raizlabs.android.dbflow.sql.queriable.ModelLoader.load(ModelLoader.java:53)
	at com.raizlabs.android.dbflow.sql.queriable.ListModelLoader.load(ListModelLoader.java:37)
	at com.raizlabs.android.dbflow.sql.queriable.ListModelLoader.load(ListModelLoader.java:15)
	at com.raizlabs.android.dbflow.sql.queriable.ModelLoader.load(ModelLoader.java:36)
	at com.raizlabs.android.dbflow.sql.queriable.ListModelLoader.load(ListModelLoader.java:25)
	at com.raizlabs.android.dbflow.sql.language.BaseModelQueriable.queryList(BaseModelQueriable.java:61)
	at com.raizlabs.android.dbflow.sql.language.Where.queryList(Where.java:236)
	at org.openobservatory.ooniprobe.model.database.Measurement.getReportsUploaded(Measurement.java:158)
	at org.openobservatory.ooniprobe.model.database.Measurement.deleteUploadedJsons(Measurement.java:329)
	at org.openobservatory.ooniprobe.common.Application.lambda$onCreate$0(Application.java:63)
	at java.base/java.util.concurrent.ThreadPoolExecutor.runWorker(ThreadPoolExecutor.java:1128)
	at java.base/java.util.concurrent.ThreadPoolExecutor$Worker.run(ThreadPoolExecutor.java:628)
	at java.base/java.lang.Thread.run(Thread.java:829)
]]></system-err>
</testsuite>
