<?xml version="1.0" encoding="UTF-8"?>
<testsuite name="org.openobservatory.ooniprobe.domain.VersionCompareTest" tests="2" skipped="0" failures="0" errors="0" timestamp="2023-06-19T13:57:59" hostname="DESKTOP-P1HHUKE" time="0.0">
  <properties/>
  <testcase name="testDifferentVersion" classname="org.openobservatory.ooniprobe.domain.VersionCompareTest" time="0.0"/>
  <testcase name="testSameVersion" classname="org.openobservatory.ooniprobe.domain.VersionCompareTest" time="0.0"/>
  <system-out><![CDATA[]]></system-out>
  <system-err><![CDATA[]]></system-err>
</testsuite>
