<?xml version="1.0" encoding="UTF-8"?>
<testsuite name="org.openobservatory.ooniprobe.domain.GetResultsTest" tests="3" skipped="0" failures="0" errors="0" timestamp="2023-06-19T13:37:09" hostname="DESKTOP-P1HHUKE" time="140.262">
  <properties/>
  <testcase name="getterTest" classname="org.openobservatory.ooniprobe.domain.GetResultsTest" time="49.62"/>
  <testcase name="orderedByTimeTest" classname="org.openobservatory.ooniprobe.domain.GetResultsTest" time="44.526"/>
  <testcase name="groupedByMonth" classname="org.openobservatory.ooniprobe.domain.GetResultsTest" time="46.116"/>
  <system-out><![CDATA[]]></system-out>
  <system-err><![CDATA[Exception in thread "pool-16-thread-1" java.lang.IllegalStateException: Cannot perform this operation because the connection pool has been closed.
	at android.database.sqlite.SQLiteConnectionPool.throwIfClosedLocked(SQLiteConnectionPool.java:1069)
	at android.database.sqlite.SQLiteConnectionPool.waitForConnection(SQLiteConnectionPool.java:683)
	at android.database.sqlite.SQLiteConnectionPool.acquireConnection(SQLiteConnectionPool.java:378)
	at android.database.sqlite.SQLiteSession.acquireConnection(SQLiteSession.java:894)
	at android.database.sqlite.SQLiteSession.executeForCursorWindow(SQLiteSession.java:834)
	at android.database.sqlite.SQLiteQuery.fillWindow(SQLiteQuery.java:62)
	at android.database.sqlite.SQLiteCursor.fillWindow(SQLiteCursor.java:149)
	at android.database.sqlite.SQLiteCursor.getCount(SQLiteCursor.java:137)
	at android.database.AbstractCursor.moveToPosition(AbstractCursor.java:220)
	at android.database.AbstractCursor.moveToFirst(AbstractCursor.java:259)
	at org.robolectric.shadows.ShadowCursorWrapper.moveToFirst(ShadowCursorWrapper.java:48)
	at android.database.CursorWrapper.moveToFirst(CursorWrapper.java)
	at com.raizlabs.android.dbflow.sql.queriable.SingleModelLoader.convertToData(SingleModelLoader.java:21)
	at com.raizlabs.android.dbflow.sql.queriable.SingleModelLoader.convertToData(SingleModelLoader.java:32)
	at com.raizlabs.android.dbflow.sql.queriable.ModelLoader.load(ModelLoader.java:72)
	at com.raizlabs.android.dbflow.sql.queriable.ModelLoader.load(ModelLoader.java:60)
	at com.raizlabs.android.dbflow.sql.queriable.ModelLoader.load(ModelLoader.java:53)
	at com.raizlabs.android.dbflow.sql.queriable.ModelLoader.load(ModelLoader.java:36)
	at com.raizlabs.android.dbflow.sql.language.BaseModelQueriable.querySingle(BaseModelQueriable.java:69)
	at com.raizlabs.android.dbflow.sql.language.Where.querySingle(Where.java:249)
	at org.openobservatory.ooniprobe.model.database.Measurement_Table.loadFromCursor(Measurement_Table.java:396)
	at org.openobservatory.ooniprobe.model.database.Measurement_Table.loadFromCursor(Measurement_Table.java:36)
	at com.raizlabs.android.dbflow.sql.queriable.ListModelLoader.convertToData(ListModelLoader.java:77)
	at com.raizlabs.android.dbflow.sql.queriable.ListModelLoader.convertToData(ListModelLoader.java:15)
	at com.raizlabs.android.dbflow.sql.queriable.ModelLoader.load(ModelLoader.java:72)
	at com.raizlabs.android.dbflow.sql.queriable.ListModelLoader.load(ListModelLoader.java:61)
	at com.raizlabs.android.dbflow.sql.queriable.ListModelLoader.load(ListModelLoader.java:15)
	at com.raizlabs.android.dbflow.sql.queriable.ModelLoader.load(ModelLoader.java:60)
	at com.raizlabs.android.dbflow.sql.queriable.ListModelLoader.load(ListModelLoader.java:44)
	at com.raizlabs.android.dbflow.sql.queriable.ListModelLoader.load(ListModelLoader.java:15)
	at com.raizlabs.android.dbflow.sql.queriable.ModelLoader.load(ModelLoader.java:53)
	at com.raizlabs.android.dbflow.sql.queriable.ListModelLoader.load(ListModelLoader.java:37)
	at com.raizlabs.android.dbflow.sql.queriable.ListModelLoader.load(ListModelLoader.java:15)
	at com.raizlabs.android.dbflow.sql.queriable.ModelLoader.load(ModelLoader.java:36)
	at com.raizlabs.android.dbflow.sql.queriable.ListModelLoader.load(ListModelLoader.java:25)
	at com.raizlabs.android.dbflow.sql.language.BaseModelQueriable.queryList(BaseModelQueriable.java:61)
	at com.raizlabs.android.dbflow.sql.language.Where.queryList(Where.java:236)
	at org.openobservatory.ooniprobe.model.database.Measurement.getReportsUploaded(Measurement.java:158)
	at org.openobservatory.ooniprobe.model.database.Measurement.deleteUploadedJsons(Measurement.java:329)
	at org.openobservatory.ooniprobe.common.Application.lambda$onCreate$0(Application.java:63)
	at java.base/java.util.concurrent.ThreadPoolExecutor.runWorker(ThreadPoolExecutor.java:1128)
	at java.base/java.util.concurrent.ThreadPoolExecutor$Worker.run(ThreadPoolExecutor.java:628)
	at java.base/java.lang.Thread.run(Thread.java:829)
]]></system-err>
</testsuite>
