<?xml version="1.0" encoding="UTF-8"?>
<testsuite name="be.digitalia.fosdem.activities.TrackScheduleEventActivityTest" tests="1" skipped="0" failures="0" errors="0" timestamp="2022-06-14T10:35:17" hostname="vic.cs.ucl.ac.uk" time="7.353">
  <properties/>
  <testcase name="testCreate" classname="be.digitalia.fosdem.activities.TrackScheduleEventActivityTest" time="7.353"/>
  <system-out><![CDATA[resources.arsc in APK '/home/jcallan/.m2/repository/org/robolectric/android-all-instrumented/12-robolectric-7732740-i3/android-all-instrumented-12-robolectric-7732740-i3.jar' is compressed.

Gin Memory: 104488352
]]></system-out>
  <system-err><![CDATA[System.logW: No Compatibility callbacks set! Querying change 171228096
System.logW: No Compatibility callbacks set! Querying change 171228096
System.logW: No Compatibility callbacks set! Querying change 171228096
System.logW: No Compatibility callbacks set! Querying change 171228096
]]></system-err>
</testsuite>
