<?xml version="1.0" encoding="UTF-8"?>
<testsuite name="com.aaronjwood.portauthority.async.ScanPortsAsyncTaskTest" tests="1" skipped="0" failures="0" errors="0" timestamp="2022-07-07T14:14:21" hostname="james-HP-ProDesk-400-G6-MT" time="3.343">
  <properties/>
  <testcase name="test1" classname="com.aaronjwood.portauthority.async.ScanPortsAsyncTaskTest" time="3.343"/>
  <system-out><![CDATA[]]></system-out>
  <system-err><![CDATA[[Robolectric] WARN: Android SDK 29 requires Java 9 (have Java 8). Tests won't be run on SDK 29 unless explicitly requested.
[Robolectric] WARN: Android SDK 30 requires Java 9 (have Java 8). Tests won't be run on SDK 30 unless explicitly requested.
[Robolectric] WARN: Android SDK 31 requires Java 9 (have Java 8). Tests won't be run on SDK 31 unless explicitly requested.
]]></system-err>
</testsuite>
