<?xml version="1.0" encoding="UTF-8"?>
<testsuite name="com.aaronjwood.portauthority.activity.HostActivityTest" tests="1" skipped="0" failures="0" errors="0" timestamp="2022-05-31T12:58:14" hostname="james-HP-ProDesk-400-G6-MT" time="2.072">
  <properties/>
  <testcase name="processFinish" classname="com.aaronjwood.portauthority.activity.HostActivityTest" time="2.072"/>
  <system-out><![CDATA[]]></system-out>
  <system-err><![CDATA[]]></system-err>
</testsuite>
