<?xml version="1.0" encoding="UTF-8"?>
<testsuite name="com.aaronjwood.portauthority.runnable.ScanHostsRunnableTest" tests="1" skipped="0" failures="1" errors="0" timestamp="2022-05-31T09:24:47" hostname="james-HP-ProDesk-400-G6-MT" time="2.396">
  <properties/>
  <testcase name="bestTest" classname="com.aaronjwood.portauthority.runnable.ScanHostsRunnableTest" time="2.396">
    <failure message="java.lang.NullPointerException" type="java.lang.NullPointerException">java.lang.NullPointerException
	at org.robolectric.res.StyleResolver.getParent(StyleResolver.java:92)
	at org.robolectric.res.StyleResolver.getAttrValue(StyleResolver.java:33)
	at org.robolectric.res.ThemeStyleSet.getAttrValue(ThemeStyleSet.java:17)
	at org.robolectric.shadows.ShadowLegacyAssetManager.findAttributeValue(ShadowLegacyAssetManager.java:1369)
	at org.robolectric.shadows.ShadowLegacyAssetManager.buildTypedValue(ShadowLegacyAssetManager.java:1231)
	at org.robolectric.shadows.ShadowLegacyAssetManager.attrsToTypedArray(ShadowLegacyAssetManager.java:1281)
	at org.robolectric.shadows.ShadowLegacyResourcesImpl$ShadowLegacyThemeImpl.obtainStyledAttributes(ShadowLegacyResourcesImpl.java:156)
	at android.content.res.ResourcesImpl$ThemeImpl.obtainStyledAttributes(ResourcesImpl.java)
	at android.content.res.Resources$Theme.obtainStyledAttributes(Resources.java:1441)
	at android.app.Activity.onApplyThemeResource(Activity.java:4259)
	at android.view.ContextThemeWrapper.initializeTheme(ContextThemeWrapper.java:198)
	at android.view.ContextThemeWrapper.setTheme(ContextThemeWrapper.java:140)
	at android.app.Activity.setTheme(Activity.java:4240)
	at android.support.v7.app.AppCompatActivity.setTheme(AppCompatActivity.java:90)
	at org.robolectric.shadows.ShadowActivity.callAttach(ShadowActivity.java:182)
	at org.robolectric.android.controller.ActivityController.attach(ActivityController.java:95)
	at org.robolectric.android.controller.ActivityController.of(ActivityController.java:57)
	at org.robolectric.Robolectric.buildActivity(Robolectric.java:107)
	at org.robolectric.Robolectric.buildActivity(Robolectric.java:76)
	at org.robolectric.Robolectric.setupActivity(Robolectric.java:121)
	at com.aaronjwood.portauthority.runnable.ScanHostsRunnableTest.bestTest(ScanHostsRunnableTest.java:25)
	at java.base/jdk.internal.reflect.NativeMethodAccessorImpl.invoke0(Native Method)
	at java.base/jdk.internal.reflect.NativeMethodAccessorImpl.invoke(NativeMethodAccessorImpl.java:62)
	at java.base/jdk.internal.reflect.DelegatingMethodAccessorImpl.invoke(DelegatingMethodAccessorImpl.java:43)
	at org.junit.runners.model.FrameworkMethod$1.runReflectiveCall(FrameworkMethod.java:50)
	at org.junit.internal.runners.model.ReflectiveCallable.run(ReflectiveCallable.java:12)
	at org.junit.runners.model.FrameworkMethod.invokeExplosively(FrameworkMethod.java:47)
	at org.junit.internal.runners.statements.InvokeMethod.evaluate(InvokeMethod.java:17)
	at org.robolectric.RobolectricTestRunner$HelperTestRunner$1.evaluate(RobolectricTestRunner.java:591)
	at org.robolectric.internal.SandboxTestRunner$2.lambda$evaluate$0(SandboxTestRunner.java:274)
	at org.robolectric.internal.bytecode.Sandbox.lambda$runOnMainThread$0(Sandbox.java:88)
	at java.base/java.util.concurrent.FutureTask.run(FutureTask.java:264)
	at java.base/java.util.concurrent.ThreadPoolExecutor.runWorker(ThreadPoolExecutor.java:1128)
	at java.base/java.util.concurrent.ThreadPoolExecutor$Worker.run(ThreadPoolExecutor.java:628)
	at java.base/java.lang.Thread.run(Thread.java:829)
</failure>
  </testcase>
  <system-out><![CDATA[]]></system-out>
  <system-err><![CDATA[]]></system-err>
</testsuite>
