<?xml version="1.0" encoding="UTF-8"?>
<testsuite name="com.aaronjwood.portauthority.activity.MainActivityTest" tests="3" skipped="0" failures="0" errors="0" timestamp="2022-06-14T10:30:01" hostname="vic.cs.ucl.ac.uk" time="13.855">
  <properties/>
  <testcase name="setupHostDiscovery" classname="com.aaronjwood.portauthority.activity.MainActivityTest" time="12.841"/>
  <testcase name="exceptions" classname="com.aaronjwood.portauthority.activity.MainActivityTest" time="0.635"/>
  <testcase name="getNetworkInfo" classname="com.aaronjwood.portauthority.activity.MainActivityTest" time="0.379"/>
  <system-out><![CDATA[
Gin Memory: 95110224

Gin Memory: 70950664

Gin Memory: 85255000
]]></system-out>
  <system-err><![CDATA[]]></system-err>
</testsuite>
