<?xml version="1.0" encoding="UTF-8"?>
<testsuite name="com.aaronjwood.portauthority.runnable.ScanHostsRunnableTest" tests="1" skipped="0" failures="0" errors="0" timestamp="2022-07-18T17:03:37" hostname="james-HP-ProDesk-400-G6-MT" time="61.117">
  <properties/>
  <testcase name="bestTest" classname="com.aaronjwood.portauthority.runnable.ScanHostsRunnableTest" time="61.117"/>
  <system-out><![CDATA[]]></system-out>
  <system-err><![CDATA[]]></system-err>
</testsuite>
