<?xml version="1.0" encoding="UTF-8"?>
<testsuite name="com.aaronjwood.portauthority.db.DatabaseTest" tests="1" skipped="0" failures="0" errors="0" timestamp="2022-06-14T15:36:02" hostname="james-HP-ProDesk-400-G6-MT" time="1.995">
  <properties/>
  <testcase name="dbTest" classname="com.aaronjwood.portauthority.db.DatabaseTest" time="1.995"/>
  <system-out><![CDATA[resources.arsc in APK '/home/james/.m2/repository/org/robolectric/android-all-instrumented/11-robolectric-6757853-i3/android-all-instrumented-11-robolectric-6757853-i3.jar' is compressed.

Gin Memory: 83882448
]]></system-out>
  <system-err><![CDATA[]]></system-err>
</testsuite>
